#-----------------------------------------------------------
# Vivado v2018.3 (64-bit)
# SW Build 2405991 on Thu Dec  6 23:38:27 MST 2018
# IP Build 2404404 on Fri Dec  7 01:43:56 MST 2018
# Start of session at: Fri Jan 11 13:03:01 2019
# Process ID: 5416
# Current directory: C:/Users/vicvi/Desktop/ultima version trabajo sed/m_refrescos
# Command line: vivado.exe -gui_launcher_event rodinguilauncherevent10568 C:\Users\vicvi\Desktop\ultima version trabajo sed\m_refrescos\m_refrescos.xpr
# Log file: C:/Users/vicvi/Desktop/ultima version trabajo sed/m_refrescos/vivado.log
# Journal file: C:/Users/vicvi/Desktop/ultima version trabajo sed/m_refrescos\vivado.jou
#-----------------------------------------------------------
start_gui
open_project {C:/Users/vicvi/Desktop/ultima version trabajo sed/m_refrescos/m_refrescos.xpr}
Scanning sources...
Finished scanning sources
INFO: [IP_Flow 19-234] Refreshing IP repositories
INFO: [IP_Flow 19-1704] No user IP repositories specified
INFO: [IP_Flow 19-2313] Loaded Vivado IP repository 'C:/Xilinx/Vivado/2018.3/data/ip'.
open_project: Time (s): cpu = 00:00:24 ; elapsed = 00:00:13 . Memory (MB): peak = 665.570 ; gain = 105.395
update_compile_order -fileset sources_1
reset_run synth_1
launch_runs synth_1 -jobs 2
CRITICAL WARNING: [HDL 9-849] Syntax error : file ended before end of clause. [C:/Users/vicvi/Desktop/ultima version trabajo sed/m_refrescos/m_refrescos.srcs/sources_1/new/asig_prod.vhd:9]
[Fri Jan 11 13:04:18 2019] Launched synth_1...
Run output will be captured here: C:/Users/vicvi/Desktop/ultima version trabajo sed/m_refrescos/m_refrescos.runs/synth_1/runme.log
launch_runs impl_1 -jobs 2
[Fri Jan 11 13:05:23 2019] Launched impl_1...
Run output will be captured here: C:/Users/vicvi/Desktop/ultima version trabajo sed/m_refrescos/m_refrescos.runs/impl_1/runme.log
reset_run impl_1 -prev_step 
launch_runs impl_1 -jobs 2
[Fri Jan 11 13:05:51 2019] Launched impl_1...
Run output will be captured here: C:/Users/vicvi/Desktop/ultima version trabajo sed/m_refrescos/m_refrescos.runs/impl_1/runme.log
open_run impl_1
INFO: [Netlist 29-17] Analyzing 5 Unisim elements for replacement
INFO: [Netlist 29-28] Unisim Transformation completed in 0 CPU seconds
INFO: [Project 1-479] Netlist was created with Vivado 2018.3
INFO: [Device 21-403] Loading part xc7a100tcsg324-1
INFO: [Project 1-570] Preparing netlist for logic optimization
INFO: [Timing 38-478] Restoring timing data from binary archive.
INFO: [Timing 38-479] Binary timing data restore complete.
INFO: [Project 1-856] Restoring constraints from binary archive.
INFO: [Project 1-853] Binary constraint restore complete.
Reading XDEF placement.
Reading placer database...
Reading XDEF routing.
Read XDEF File: Time (s): cpu = 00:00:00 ; elapsed = 00:00:00.076 . Memory (MB): peak = 1573.191 ; gain = 0.086
Restored from archive | CPU: 0.000000 secs | Memory: 0.000000 MB |
Finished XDEF File Restore: Time (s): cpu = 00:00:00 ; elapsed = 00:00:00.077 . Memory (MB): peak = 1573.191 ; gain = 0.086
Netlist sorting complete. Time (s): cpu = 00:00:00 ; elapsed = 00:00:00 . Memory (MB): peak = 1573.191 ; gain = 0.000
INFO: [Project 1-111] Unisim Transformation Summary:
No Unisim elements were transformed.

open_run: Time (s): cpu = 00:00:42 ; elapsed = 00:00:31 . Memory (MB): peak = 1698.289 ; gain = 991.051
launch_runs impl_1 -to_step write_bitstream -jobs 2
[Fri Jan 11 13:08:43 2019] Launched impl_1...
Run output will be captured here: C:/Users/vicvi/Desktop/ultima version trabajo sed/m_refrescos/m_refrescos.runs/impl_1/runme.log
reset_run synth_1
launch_runs impl_1 -to_step write_bitstream -jobs 2
[Fri Jan 11 13:19:40 2019] Launched synth_1...
Run output will be captured here: C:/Users/vicvi/Desktop/ultima version trabajo sed/m_refrescos/m_refrescos.runs/synth_1/runme.log
[Fri Jan 11 13:19:41 2019] Launched impl_1...
Run output will be captured here: C:/Users/vicvi/Desktop/ultima version trabajo sed/m_refrescos/m_refrescos.runs/impl_1/runme.log
reset_run synth_1
launch_runs impl_1 -to_step write_bitstream -jobs 2
[Fri Jan 11 13:25:02 2019] Launched synth_1...
Run output will be captured here: C:/Users/vicvi/Desktop/ultima version trabajo sed/m_refrescos/m_refrescos.runs/synth_1/runme.log
[Fri Jan 11 13:25:02 2019] Launched impl_1...
Run output will be captured here: C:/Users/vicvi/Desktop/ultima version trabajo sed/m_refrescos/m_refrescos.runs/impl_1/runme.log
reset_run synth_1
launch_runs synth_1 -jobs 2
CRITICAL WARNING: [HDL 9-849] Syntax error : file ended before end of clause. [C:/Users/vicvi/Desktop/ultima version trabajo sed/m_refrescos/m_refrescos.srcs/sources_1/new/asig_prod.vhd:9]
[Fri Jan 11 13:28:26 2019] Launched synth_1...
Run output will be captured here: C:/Users/vicvi/Desktop/ultima version trabajo sed/m_refrescos/m_refrescos.runs/synth_1/runme.log
launch_runs impl_1 -jobs 2
[Fri Jan 11 13:29:25 2019] Launched impl_1...
Run output will be captured here: C:/Users/vicvi/Desktop/ultima version trabajo sed/m_refrescos/m_refrescos.runs/impl_1/runme.log
launch_runs impl_1 -to_step write_bitstream -jobs 2
[Fri Jan 11 13:31:19 2019] Launched impl_1...
Run output will be captured here: C:/Users/vicvi/Desktop/ultima version trabajo sed/m_refrescos/m_refrescos.runs/impl_1/runme.log
close_design
exit
INFO: [Common 17-206] Exiting Vivado at Fri Jan 11 13:33:07 2019...
