#-----------------------------------------------------------
# Vivado v2018.2 (64-bit)
# SW Build 2258646 on Thu Jun 14 20:03:12 MDT 2018
# IP Build 2256618 on Thu Jun 14 22:10:49 MDT 2018
# Start of session at: Thu Jan 17 13:06:48 2019
# Process ID: 4340
# Current directory: C:/Users/sed/Desktop/m_refrescos2
# Command line: vivado.exe -gui_launcher_event rodinguilauncherevent3160 C:\Users\sed\Desktop\m_refrescos2\m_refrescos.xpr
# Log file: C:/Users/sed/Desktop/m_refrescos2/vivado.log
# Journal file: C:/Users/sed/Desktop/m_refrescos2\vivado.jou
#-----------------------------------------------------------
start_gui
open_project C:/Users/sed/Desktop/m_refrescos2/m_refrescos.xpr
INFO: [Project 1-313] Project file moved from 'C:/Users/usuario/Desktop/vivado/m_refrescos2' since last save.
Scanning sources...
Finished scanning sources
WARNING: [Project 1-231] Project 'm_refrescos.xpr' was created with a future version and may or may not perform reliably with this version of Vivado. It has been opened in read-only mode for the protection of unrecognized data. Use 'File | Save Project As...' if you wish to alter a copy of the project.
INFO: [IP_Flow 19-234] Refreshing IP repositories
INFO: [IP_Flow 19-1704] No user IP repositories specified
INFO: [IP_Flow 19-2313] Loaded Vivado IP repository 'C:/Xilinx/Vivado/2018.2/data/ip'.
open_project: Time (s): cpu = 00:00:11 ; elapsed = 00:00:24 . Memory (MB): peak = 766.805 ; gain = 87.016
update_compile_order -fileset sources_1
save_project_as m_refrescooos C:/Users/sed/Desktop/m_refrescos2/m_refrescooos -force
save_project_as: Time (s): cpu = 00:00:11 ; elapsed = 00:00:07 . Memory (MB): peak = 816.277 ; gain = 40.227
reset_run synth_1
WARNING: [Vivado 12-1017] Problems encountered:
1. Process appears to be on host 'PC' and cannot be killed from host 'usuario-PC'

launch_runs synth_1 -jobs 4
CRITICAL WARNING: [HDL 9-849] Syntax error : file ended before end of clause. [C:/Users/sed/Desktop/m_refrescos2/m_refrescos.srcs/sources_1/new/asig_prod.vhd:9]
[Thu Jan 17 13:08:57 2019] Launched synth_1...
Run output will be captured here: C:/Users/sed/Desktop/m_refrescos2/m_refrescooos/m_refrescooos.runs/synth_1/runme.log
launch_runs impl_1 -jobs 4
[Thu Jan 17 13:09:56 2019] Launched impl_1...
Run output will be captured here: C:/Users/sed/Desktop/m_refrescos2/m_refrescooos/m_refrescooos.runs/impl_1/runme.log
launch_runs impl_1 -to_step write_bitstream -jobs 4
[Thu Jan 17 13:11:37 2019] Launched impl_1...
Run output will be captured here: C:/Users/sed/Desktop/m_refrescos2/m_refrescooos/m_refrescooos.runs/impl_1/runme.log
open_hw
connect_hw_server
INFO: [Labtools 27-2285] Connecting to hw_server url TCP:localhost:3121
INFO: [Labtools 27-2222] Launching hw_server...
INFO: [Labtools 27-2221] Launch Output:

****** Xilinx hw_server v2018.2
  **** Build date : Jun 14 2018-20:42:52
    ** Copyright 1986-2018 Xilinx, Inc. All Rights Reserved.


open_hw_target
INFO: [Labtoolstcl 44-466] Opening hw_target localhost:3121/xilinx_tcf/Digilent/210292A3FE5AA
set_property PROGRAM.FILE {C:/Users/sed/Desktop/m_refrescos2/m_refrescooos/m_refrescooos.runs/impl_1/maq_refrescos.bit} [get_hw_devices xc7a100t_0]
current_hw_device [get_hw_devices xc7a100t_0]
refresh_hw_device -update_hw_probes false [lindex [get_hw_devices xc7a100t_0] 0]
INFO: [Labtools 27-1434] Device xc7a100t (JTAG device index = 0) is programmed with a design that has no supported debug core(s) in it.
WARNING: [Labtools 27-3361] The debug hub core was not detected.
Resolution: 
1. Make sure the clock connected to the debug hub (dbg_hub) core is a free running clock and is active.
2. Make sure the BSCAN_SWITCH_USER_MASK device property in Vivado Hardware Manager reflects the user scan chain setting in the design and refresh the device.  To determine the user scan chain setting in the design, open the implemented design and use 'get_property C_USER_SCAN_CHAIN [get_debug_cores dbg_hub]'.
For more details on setting the scan chain property, consult the Vivado Debug and Programming User Guide (UG908).
set_property PROBES.FILE {} [get_hw_devices xc7a100t_0]
set_property FULL_PROBES.FILE {} [get_hw_devices xc7a100t_0]
set_property PROGRAM.FILE {C:/Users/sed/Desktop/m_refrescos2/m_refrescooos/m_refrescooos.runs/impl_1/maq_refrescos.bit} [get_hw_devices xc7a100t_0]
program_hw_devices [get_hw_devices xc7a100t_0]
INFO: [Labtools 27-3164] End of startup status: HIGH
refresh_hw_device [lindex [get_hw_devices xc7a100t_0] 0]
INFO: [Labtools 27-1434] Device xc7a100t (JTAG device index = 0) is programmed with a design that has no supported debug core(s) in it.
WARNING: [Labtools 27-3361] The debug hub core was not detected.
Resolution: 
1. Make sure the clock connected to the debug hub (dbg_hub) core is a free running clock and is active.
2. Make sure the BSCAN_SWITCH_USER_MASK device property in Vivado Hardware Manager reflects the user scan chain setting in the design and refresh the device.  To determine the user scan chain setting in the design, open the implemented design and use 'get_property C_USER_SCAN_CHAIN [get_debug_cores dbg_hub]'.
For more details on setting the scan chain property, consult the Vivado Debug and Programming User Guide (UG908).
set_property PROBES.FILE {} [get_hw_devices xc7a100t_0]
set_property FULL_PROBES.FILE {} [get_hw_devices xc7a100t_0]
set_property PROGRAM.FILE {C:/Users/sed/Desktop/m_refrescos2/m_refrescooos/m_refrescooos.runs/impl_1/maq_refrescos.bit} [get_hw_devices xc7a100t_0]
program_hw_devices [get_hw_devices xc7a100t_0]
INFO: [Labtools 27-3164] End of startup status: HIGH
refresh_hw_device [lindex [get_hw_devices xc7a100t_0] 0]
INFO: [Labtools 27-1434] Device xc7a100t (JTAG device index = 0) is programmed with a design that has no supported debug core(s) in it.
WARNING: [Labtools 27-3361] The debug hub core was not detected.
Resolution: 
1. Make sure the clock connected to the debug hub (dbg_hub) core is a free running clock and is active.
2. Make sure the BSCAN_SWITCH_USER_MASK device property in Vivado Hardware Manager reflects the user scan chain setting in the design and refresh the device.  To determine the user scan chain setting in the design, open the implemented design and use 'get_property C_USER_SCAN_CHAIN [get_debug_cores dbg_hub]'.
For more details on setting the scan chain property, consult the Vivado Debug and Programming User Guide (UG908).
ERROR: [Labtoolstcl 44-513] HW Target shutdown. Closing target: localhost:3121/xilinx_tcf/Digilent/210292A3FE5AA
synth_design -rtl -name rtl_1
Command: synth_design -rtl -name rtl_1
Starting synth_design
Using part: xc7a100tcsg324-1
Top: maq_refrescos
---------------------------------------------------------------------------------
Starting RTL Elaboration : Time (s): cpu = 00:00:04 ; elapsed = 00:00:04 . Memory (MB): peak = 1540.992 ; gain = 81.906
---------------------------------------------------------------------------------
INFO: [Synth 8-638] synthesizing module 'maq_refrescos' [C:/Users/sed/Desktop/m_refrescos2/m_refrescooos/m_refrescooos.srcs/sources_1/new/maq_refrescos.vhd:28]
	Parameter N bound to: 3 - type: integer 
	Parameter p1 bound to: 100 - type: integer 
	Parameter p2 bound to: 150 - type: integer 
	Parameter p3 bound to: 200 - type: integer 
	Parameter N bound to: 3 - type: integer 
	Parameter p1 bound to: 100 - type: integer 
	Parameter p2 bound to: 150 - type: integer 
	Parameter p3 bound to: 200 - type: integer 
INFO: [Synth 8-3491] module 'maq_estados_top' declared at 'C:/Users/sed/Desktop/m_refrescos2/m_refrescooos/m_refrescooos.srcs/sources_1/new/maq_estados_top.vhd:7' bound to instance 'utt' of component 'maq_estados_top' [C:/Users/sed/Desktop/m_refrescos2/m_refrescooos/m_refrescooos.srcs/sources_1/new/maq_refrescos.vhd:65]
INFO: [Synth 8-638] synthesizing module 'maq_estados_top' [C:/Users/sed/Desktop/m_refrescos2/m_refrescooos/m_refrescooos.srcs/sources_1/new/maq_estados_top.vhd:27]
	Parameter N bound to: 3 - type: integer 
	Parameter p1 bound to: 100 - type: integer 
	Parameter p2 bound to: 150 - type: integer 
	Parameter p3 bound to: 200 - type: integer 
INFO: [Synth 8-3491] module 'debouncer' declared at 'C:/Users/sed/Desktop/m_refrescos2/m_refrescooos/m_refrescooos.srcs/sources_1/new/debouncer.vhd:4' bound to instance 'deb0' of component 'debouncer' [C:/Users/sed/Desktop/m_refrescos2/m_refrescooos/m_refrescooos.srcs/sources_1/new/maq_estados_top.vhd:81]
INFO: [Synth 8-638] synthesizing module 'debouncer' [C:/Users/sed/Desktop/m_refrescos2/m_refrescooos/m_refrescooos.srcs/sources_1/new/debouncer.vhd:11]
INFO: [Synth 8-256] done synthesizing module 'debouncer' (1#1) [C:/Users/sed/Desktop/m_refrescos2/m_refrescooos/m_refrescooos.srcs/sources_1/new/debouncer.vhd:11]
INFO: [Synth 8-3491] module 'debouncer' declared at 'C:/Users/sed/Desktop/m_refrescos2/m_refrescooos/m_refrescooos.srcs/sources_1/new/debouncer.vhd:4' bound to instance 'deb1' of component 'debouncer' [C:/Users/sed/Desktop/m_refrescos2/m_refrescooos/m_refrescooos.srcs/sources_1/new/maq_estados_top.vhd:82]
INFO: [Synth 8-3491] module 'debouncer' declared at 'C:/Users/sed/Desktop/m_refrescos2/m_refrescooos/m_refrescooos.srcs/sources_1/new/debouncer.vhd:4' bound to instance 'deb2' of component 'debouncer' [C:/Users/sed/Desktop/m_refrescos2/m_refrescooos/m_refrescooos.srcs/sources_1/new/maq_estados_top.vhd:83]
INFO: [Synth 8-3491] module 'debouncer' declared at 'C:/Users/sed/Desktop/m_refrescos2/m_refrescooos/m_refrescooos.srcs/sources_1/new/debouncer.vhd:4' bound to instance 'deb3' of component 'debouncer' [C:/Users/sed/Desktop/m_refrescos2/m_refrescooos/m_refrescooos.srcs/sources_1/new/maq_estados_top.vhd:84]
INFO: [Synth 8-3491] module 'debouncer' declared at 'C:/Users/sed/Desktop/m_refrescos2/m_refrescooos/m_refrescooos.srcs/sources_1/new/debouncer.vhd:4' bound to instance 'deb4' of component 'debouncer' [C:/Users/sed/Desktop/m_refrescos2/m_refrescooos/m_refrescooos.srcs/sources_1/new/maq_estados_top.vhd:85]
	Parameter N bound to: 3 - type: integer 
INFO: [Synth 8-3491] module 'e0' declared at 'C:/Users/sed/Desktop/m_refrescos2/m_refrescooos/m_refrescooos.srcs/sources_1/new/e0.vhd:7' bound to instance 'utt0' of component 'e0' [C:/Users/sed/Desktop/m_refrescos2/m_refrescooos/m_refrescooos.srcs/sources_1/new/maq_estados_top.vhd:90]
INFO: [Synth 8-638] synthesizing module 'e0' [C:/Users/sed/Desktop/m_refrescos2/m_refrescooos/m_refrescooos.srcs/sources_1/new/e0.vhd:15]
	Parameter N bound to: 3 - type: integer 
INFO: [Synth 8-256] done synthesizing module 'e0' (2#1) [C:/Users/sed/Desktop/m_refrescos2/m_refrescooos/m_refrescooos.srcs/sources_1/new/e0.vhd:15]
INFO: [Synth 8-3491] module 'e1' declared at 'C:/Users/sed/Desktop/m_refrescos2/m_refrescooos/m_refrescooos.srcs/sources_1/new/e1.vhd:7' bound to instance 'uut1' of component 'e1' [C:/Users/sed/Desktop/m_refrescos2/m_refrescooos/m_refrescooos.srcs/sources_1/new/maq_estados_top.vhd:94]
INFO: [Synth 8-638] synthesizing module 'e1' [C:/Users/sed/Desktop/m_refrescos2/m_refrescooos/m_refrescooos.srcs/sources_1/new/e1.vhd:17]
WARNING: [Synth 8-614] signal 'precio' is read in the process but is not in the sensitivity list [C:/Users/sed/Desktop/m_refrescos2/m_refrescooos/m_refrescooos.srcs/sources_1/new/e1.vhd:35]
INFO: [Synth 8-256] done synthesizing module 'e1' (3#1) [C:/Users/sed/Desktop/m_refrescos2/m_refrescooos/m_refrescooos.srcs/sources_1/new/e1.vhd:17]
INFO: [Synth 8-3491] module 'e2' declared at 'C:/Users/sed/Desktop/m_refrescos2/m_refrescooos/m_refrescooos.srcs/sources_1/new/e2.vhd:8' bound to instance 'uut2' of component 'e2' [C:/Users/sed/Desktop/m_refrescos2/m_refrescooos/m_refrescooos.srcs/sources_1/new/maq_estados_top.vhd:98]
INFO: [Synth 8-638] synthesizing module 'e2' [C:/Users/sed/Desktop/m_refrescos2/m_refrescooos/m_refrescooos.srcs/sources_1/new/e2.vhd:14]
WARNING: [Synth 8-614] signal 'sensor_dinero' is read in the process but is not in the sensitivity list [C:/Users/sed/Desktop/m_refrescos2/m_refrescooos/m_refrescooos.srcs/sources_1/new/e2.vhd:34]
INFO: [Synth 8-256] done synthesizing module 'e2' (4#1) [C:/Users/sed/Desktop/m_refrescos2/m_refrescooos/m_refrescooos.srcs/sources_1/new/e2.vhd:14]
	Parameter N bound to: 3 - type: integer 
INFO: [Synth 8-3491] module 'e3' declared at 'C:/Users/sed/Desktop/m_refrescos2/m_refrescooos/m_refrescooos.srcs/sources_1/new/e3.vhd:8' bound to instance 'uut3' of component 'e3' [C:/Users/sed/Desktop/m_refrescos2/m_refrescooos/m_refrescooos.srcs/sources_1/new/maq_estados_top.vhd:102]
INFO: [Synth 8-638] synthesizing module 'e3' [C:/Users/sed/Desktop/m_refrescos2/m_refrescooos/m_refrescooos.srcs/sources_1/new/e3.vhd:17]
	Parameter N bound to: 3 - type: integer 
WARNING: [Synth 8-614] signal 'producto_agotado' is read in the process but is not in the sensitivity list [C:/Users/sed/Desktop/m_refrescos2/m_refrescooos/m_refrescooos.srcs/sources_1/new/e3.vhd:35]
WARNING: [Synth 8-614] signal 'producto' is read in the process but is not in the sensitivity list [C:/Users/sed/Desktop/m_refrescos2/m_refrescooos/m_refrescooos.srcs/sources_1/new/e3.vhd:35]
INFO: [Synth 8-256] done synthesizing module 'e3' (5#1) [C:/Users/sed/Desktop/m_refrescos2/m_refrescooos/m_refrescooos.srcs/sources_1/new/e3.vhd:17]
WARNING: [Synth 8-614] signal 'producto' is read in the process but is not in the sensitivity list [C:/Users/sed/Desktop/m_refrescos2/m_refrescooos/m_refrescooos.srcs/sources_1/new/maq_estados_top.vhd:133]
INFO: [Synth 8-256] done synthesizing module 'maq_estados_top' (6#1) [C:/Users/sed/Desktop/m_refrescos2/m_refrescooos/m_refrescooos.srcs/sources_1/new/maq_estados_top.vhd:27]
INFO: [Synth 8-3491] module 'decod_top' declared at 'C:/Users/sed/Desktop/m_refrescos2/m_refrescooos/m_refrescooos.srcs/sources_1/new/decod_top.vhd:7' bound to instance 'dec' of component 'decod_top' [C:/Users/sed/Desktop/m_refrescos2/m_refrescooos/m_refrescooos.srcs/sources_1/new/maq_refrescos.vhd:68]
INFO: [Synth 8-638] synthesizing module 'decod_top' [C:/Users/sed/Desktop/m_refrescos2/m_refrescooos/m_refrescooos.srcs/sources_1/new/decod_top.vhd:16]
INFO: [Synth 8-3491] module 'decod' declared at 'C:/Users/sed/Desktop/m_refrescos2/m_refrescooos/m_refrescooos.srcs/sources_1/new/decod.vhd:7' bound to instance 'uttc' of component 'decod' [C:/Users/sed/Desktop/m_refrescos2/m_refrescooos/m_refrescooos.srcs/sources_1/new/decod_top.vhd:32]
INFO: [Synth 8-638] synthesizing module 'decod' [C:/Users/sed/Desktop/m_refrescos2/m_refrescooos/m_refrescooos.srcs/sources_1/new/decod.vhd:12]
INFO: [Synth 8-256] done synthesizing module 'decod' (7#1) [C:/Users/sed/Desktop/m_refrescos2/m_refrescooos/m_refrescooos.srcs/sources_1/new/decod.vhd:12]
INFO: [Synth 8-3491] module 'decod' declared at 'C:/Users/sed/Desktop/m_refrescos2/m_refrescooos/m_refrescooos.srcs/sources_1/new/decod.vhd:7' bound to instance 'uttd' of component 'decod' [C:/Users/sed/Desktop/m_refrescos2/m_refrescooos/m_refrescooos.srcs/sources_1/new/decod_top.vhd:33]
INFO: [Synth 8-3491] module 'decod' declared at 'C:/Users/sed/Desktop/m_refrescos2/m_refrescooos/m_refrescooos.srcs/sources_1/new/decod.vhd:7' bound to instance 'uttu' of component 'decod' [C:/Users/sed/Desktop/m_refrescos2/m_refrescooos/m_refrescooos.srcs/sources_1/new/decod_top.vhd:34]
INFO: [Synth 8-256] done synthesizing module 'decod_top' (8#1) [C:/Users/sed/Desktop/m_refrescos2/m_refrescooos/m_refrescooos.srcs/sources_1/new/decod_top.vhd:16]
INFO: [Synth 8-256] done synthesizing module 'maq_refrescos' (9#1) [C:/Users/sed/Desktop/m_refrescos2/m_refrescooos/m_refrescooos.srcs/sources_1/new/maq_refrescos.vhd:28]
---------------------------------------------------------------------------------
Finished RTL Elaboration : Time (s): cpu = 00:00:05 ; elapsed = 00:00:06 . Memory (MB): peak = 1580.270 ; gain = 121.184
---------------------------------------------------------------------------------

Report Check Netlist: 
+------+------------------+-------+---------+-------+------------------+
|      |Item              |Errors |Warnings |Status |Description       |
+------+------------------+-------+---------+-------+------------------+
|1     |multi_driven_nets |      0|        0|Passed |Multi driven nets |
+------+------------------+-------+---------+-------+------------------+
---------------------------------------------------------------------------------
Start Handling Custom Attributes
---------------------------------------------------------------------------------
---------------------------------------------------------------------------------
Finished Handling Custom Attributes : Time (s): cpu = 00:00:05 ; elapsed = 00:00:06 . Memory (MB): peak = 1580.270 ; gain = 121.184
---------------------------------------------------------------------------------
---------------------------------------------------------------------------------
Finished RTL Optimization Phase 1 : Time (s): cpu = 00:00:05 ; elapsed = 00:00:06 . Memory (MB): peak = 1580.270 ; gain = 121.184
---------------------------------------------------------------------------------
INFO: [Device 21-403] Loading part xc7a100tcsg324-1
INFO: [Project 1-570] Preparing netlist for logic optimization

Processing XDC Constraints
Initializing timing engine
Parsing XDC File [C:/Users/sed/Desktop/m_refrescos2/Nexys-4-DDR-Master.xdc]
Finished Parsing XDC File [C:/Users/sed/Desktop/m_refrescos2/Nexys-4-DDR-Master.xdc]
Completed Processing XDC Constraints

INFO: [Opt 31-138] Pushed 0 inverter(s) to 0 load pin(s).
INFO: [Project 1-111] Unisim Transformation Summary:
No Unisim elements were transformed.

RTL Elaboration Complete:  : Time (s): cpu = 00:00:23 ; elapsed = 00:00:27 . Memory (MB): peak = 1965.680 ; gain = 506.594
36 Infos, 5 Warnings, 0 Critical Warnings and 0 Errors encountered.
synth_design completed successfully
synth_design: Time (s): cpu = 00:00:23 ; elapsed = 00:00:27 . Memory (MB): peak = 1965.680 ; gain = 506.594
update_compile_order -fileset sources_1
update_compile_order -fileset sources_1
reset_run synth_1
launch_runs impl_1 -jobs 4
[Thu Jan 17 13:36:32 2019] Launched synth_1...
Run output will be captured here: C:/Users/sed/Desktop/m_refrescos2/m_refrescooos/m_refrescooos.runs/synth_1/runme.log
[Thu Jan 17 13:36:32 2019] Launched impl_1...
Run output will be captured here: C:/Users/sed/Desktop/m_refrescos2/m_refrescooos/m_refrescooos.runs/impl_1/runme.log
INFO: [Labtoolstcl 44-466] Opening hw_target localhost:3121/xilinx_tcf/Digilent/210292A3FE5AA
INFO: [Labtools 27-1435] Device xc7a100t (JTAG device index = 0) is not programmed (DONE status = 0).
WARNING: [Labtoolstcl 44-129] No matching hw_ila_data was found.
reset_run synth_1
launch_runs synth_1 -jobs 4
CRITICAL WARNING: [HDL 9-849] Syntax error : file ended before end of clause. [C:/Users/sed/Desktop/m_refrescos2/m_refrescooos/m_refrescooos.srcs/sources_1/new/asig_prod.vhd:9]
[Thu Jan 17 13:36:55 2019] Launched synth_1...
Run output will be captured here: C:/Users/sed/Desktop/m_refrescos2/m_refrescooos/m_refrescooos.runs/synth_1/runme.log
launch_runs impl_1 -jobs 4
[Thu Jan 17 13:38:28 2019] Launched impl_1...
Run output will be captured here: C:/Users/sed/Desktop/m_refrescos2/m_refrescooos/m_refrescooos.runs/impl_1/runme.log
launch_runs impl_1 -to_step write_bitstream -jobs 4
[Thu Jan 17 13:41:41 2019] Launched impl_1...
Run output will be captured here: C:/Users/sed/Desktop/m_refrescos2/m_refrescooos/m_refrescooos.runs/impl_1/runme.log
launch_runs: Time (s): cpu = 00:00:00 ; elapsed = 00:00:08 . Memory (MB): peak = 1998.027 ; gain = 0.000
set_property PROBES.FILE {} [get_hw_devices xc7a100t_0]
set_property FULL_PROBES.FILE {} [get_hw_devices xc7a100t_0]
set_property PROGRAM.FILE {C:/Users/sed/Desktop/m_refrescos2/m_refrescooos/m_refrescooos.runs/impl_1/maq_refrescos.bit} [get_hw_devices xc7a100t_0]
program_hw_devices [get_hw_devices xc7a100t_0]
INFO: [Labtools 27-3164] End of startup status: HIGH
refresh_hw_device [lindex [get_hw_devices xc7a100t_0] 0]
INFO: [Labtools 27-1434] Device xc7a100t (JTAG device index = 0) is programmed with a design that has no supported debug core(s) in it.
WARNING: [Labtools 27-3361] The debug hub core was not detected.
Resolution: 
1. Make sure the clock connected to the debug hub (dbg_hub) core is a free running clock and is active.
2. Make sure the BSCAN_SWITCH_USER_MASK device property in Vivado Hardware Manager reflects the user scan chain setting in the design and refresh the device.  To determine the user scan chain setting in the design, open the implemented design and use 'get_property C_USER_SCAN_CHAIN [get_debug_cores dbg_hub]'.
For more details on setting the scan chain property, consult the Vivado Debug and Programming User Guide (UG908).
reset_run synth_1
launch_runs impl_1 -jobs 4
[Thu Jan 17 13:51:24 2019] Launched synth_1...
Run output will be captured here: C:/Users/sed/Desktop/m_refrescos2/m_refrescooos/m_refrescooos.runs/synth_1/runme.log
[Thu Jan 17 13:51:24 2019] Launched impl_1...
Run output will be captured here: C:/Users/sed/Desktop/m_refrescos2/m_refrescooos/m_refrescooos.runs/impl_1/runme.log
launch_runs impl_1 -to_step write_bitstream -jobs 4
[Thu Jan 17 13:55:08 2019] Launched impl_1...
Run output will be captured here: C:/Users/sed/Desktop/m_refrescos2/m_refrescooos/m_refrescooos.runs/impl_1/runme.log
open_run impl_1
INFO: [Netlist 29-17] Analyzing 159 Unisim elements for replacement
INFO: [Netlist 29-28] Unisim Transformation completed in 0 CPU seconds
INFO: [Project 1-479] Netlist was created with Vivado 2018.2
INFO: [Project 1-570] Preparing netlist for logic optimization
INFO: [Timing 38-478] Restoring timing data from binary archive.
INFO: [Common 17-41] Interrupt caught. Command should exit soon.
INFO: [Timing 38-479] Binary timing data restore complete.
INFO: [Project 1-856] Restoring constraints from binary archive.
INFO: [Project 1-853] Binary constraint restore complete.
Reading XDEF placement.
Reading placer database...
Reading XDEF routing.
Restored from archive | CPU: 0.000000 secs | Memory: 0.000000 MB |
Finished XDEF File Restore: Time (s): cpu = 00:00:00 ; elapsed = 00:00:00.201 . Memory (MB): peak = 2544.160 ; gain = 0.000
open_run: Time (s): cpu = 00:00:17 ; elapsed = 00:00:33 . Memory (MB): peak = 2557.086 ; gain = 559.059
INFO: [Common 17-344] 'open_run' was cancelled
refresh_design
---------------------------------------------------------------------------------
Starting RTL Elaboration : Time (s): cpu = 00:00:04 ; elapsed = 00:00:11 . Memory (MB): peak = 2557.086 ; gain = 0.000
---------------------------------------------------------------------------------
INFO: [Synth 8-638] synthesizing module 'maq_refrescos' [C:/Users/sed/Desktop/m_refrescos2/m_refrescooos/m_refrescooos.srcs/sources_1/new/maq_refrescos.vhd:28]
	Parameter N bound to: 3 - type: integer 
	Parameter p1 bound to: 100 - type: integer 
	Parameter p2 bound to: 150 - type: integer 
	Parameter p3 bound to: 200 - type: integer 
	Parameter N bound to: 3 - type: integer 
	Parameter p1 bound to: 100 - type: integer 
	Parameter p2 bound to: 150 - type: integer 
	Parameter p3 bound to: 200 - type: integer 
INFO: [Synth 8-3491] module 'maq_estados_top' declared at 'C:/Users/sed/Desktop/m_refrescos2/m_refrescooos/m_refrescooos.srcs/sources_1/new/maq_estados_top.vhd:7' bound to instance 'utt' of component 'maq_estados_top' [C:/Users/sed/Desktop/m_refrescos2/m_refrescooos/m_refrescooos.srcs/sources_1/new/maq_refrescos.vhd:65]
INFO: [Synth 8-638] synthesizing module 'maq_estados_top' [C:/Users/sed/Desktop/m_refrescos2/m_refrescooos/m_refrescooos.srcs/sources_1/new/maq_estados_top.vhd:27]
	Parameter N bound to: 3 - type: integer 
	Parameter p1 bound to: 100 - type: integer 
	Parameter p2 bound to: 150 - type: integer 
	Parameter p3 bound to: 200 - type: integer 
INFO: [Synth 8-3491] module 'debouncer' declared at 'C:/Users/sed/Desktop/m_refrescos2/m_refrescooos/m_refrescooos.srcs/sources_1/new/debouncer.vhd:4' bound to instance 'deb0' of component 'debouncer' [C:/Users/sed/Desktop/m_refrescos2/m_refrescooos/m_refrescooos.srcs/sources_1/new/maq_estados_top.vhd:88]
INFO: [Synth 8-638] synthesizing module 'debouncer' [C:/Users/sed/Desktop/m_refrescos2/m_refrescooos/m_refrescooos.srcs/sources_1/new/debouncer.vhd:11]
INFO: [Synth 8-256] done synthesizing module 'debouncer' (1#1) [C:/Users/sed/Desktop/m_refrescos2/m_refrescooos/m_refrescooos.srcs/sources_1/new/debouncer.vhd:11]
INFO: [Synth 8-3491] module 'debouncer' declared at 'C:/Users/sed/Desktop/m_refrescos2/m_refrescooos/m_refrescooos.srcs/sources_1/new/debouncer.vhd:4' bound to instance 'deb1' of component 'debouncer' [C:/Users/sed/Desktop/m_refrescos2/m_refrescooos/m_refrescooos.srcs/sources_1/new/maq_estados_top.vhd:89]
INFO: [Synth 8-3491] module 'debouncer' declared at 'C:/Users/sed/Desktop/m_refrescos2/m_refrescooos/m_refrescooos.srcs/sources_1/new/debouncer.vhd:4' bound to instance 'deb2' of component 'debouncer' [C:/Users/sed/Desktop/m_refrescos2/m_refrescooos/m_refrescooos.srcs/sources_1/new/maq_estados_top.vhd:90]
INFO: [Synth 8-3491] module 'debouncer' declared at 'C:/Users/sed/Desktop/m_refrescos2/m_refrescooos/m_refrescooos.srcs/sources_1/new/debouncer.vhd:4' bound to instance 'deb3' of component 'debouncer' [C:/Users/sed/Desktop/m_refrescos2/m_refrescooos/m_refrescooos.srcs/sources_1/new/maq_estados_top.vhd:91]
INFO: [Synth 8-3491] module 'debouncer' declared at 'C:/Users/sed/Desktop/m_refrescos2/m_refrescooos/m_refrescooos.srcs/sources_1/new/debouncer.vhd:4' bound to instance 'deb4' of component 'debouncer' [C:/Users/sed/Desktop/m_refrescos2/m_refrescooos/m_refrescooos.srcs/sources_1/new/maq_estados_top.vhd:92]
	Parameter N bound to: 3 - type: integer 
INFO: [Synth 8-3491] module 'e0' declared at 'C:/Users/sed/Desktop/m_refrescos2/m_refrescooos/m_refrescooos.srcs/sources_1/new/e0.vhd:7' bound to instance 'utt0' of component 'e0' [C:/Users/sed/Desktop/m_refrescos2/m_refrescooos/m_refrescooos.srcs/sources_1/new/maq_estados_top.vhd:97]
INFO: [Synth 8-638] synthesizing module 'e0' [C:/Users/sed/Desktop/m_refrescos2/m_refrescooos/m_refrescooos.srcs/sources_1/new/e0.vhd:17]
	Parameter N bound to: 3 - type: integer 
WARNING: [Synth 8-614] signal 'clk' is read in the process but is not in the sensitivity list [C:/Users/sed/Desktop/m_refrescos2/m_refrescooos/m_refrescooos.srcs/sources_1/new/e0.vhd:22]
WARNING: [Synth 8-6014] Unused sequential element prod_reg was removed.  [C:/Users/sed/Desktop/m_refrescos2/m_refrescooos/m_refrescooos.srcs/sources_1/new/e0.vhd:27]
INFO: [Synth 8-256] done synthesizing module 'e0' (2#1) [C:/Users/sed/Desktop/m_refrescos2/m_refrescooos/m_refrescooos.srcs/sources_1/new/e0.vhd:17]
INFO: [Synth 8-3491] module 'e1' declared at 'C:/Users/sed/Desktop/m_refrescos2/m_refrescooos/m_refrescooos.srcs/sources_1/new/e1.vhd:7' bound to instance 'uut1' of component 'e1' [C:/Users/sed/Desktop/m_refrescos2/m_refrescooos/m_refrescooos.srcs/sources_1/new/maq_estados_top.vhd:101]
INFO: [Synth 8-638] synthesizing module 'e1' [C:/Users/sed/Desktop/m_refrescos2/m_refrescooos/m_refrescooos.srcs/sources_1/new/e1.vhd:18]
WARNING: [Synth 8-614] signal 'clk' is read in the process but is not in the sensitivity list [C:/Users/sed/Desktop/m_refrescos2/m_refrescooos/m_refrescooos.srcs/sources_1/new/e1.vhd:22]
INFO: [Synth 8-256] done synthesizing module 'e1' (3#1) [C:/Users/sed/Desktop/m_refrescos2/m_refrescooos/m_refrescooos.srcs/sources_1/new/e1.vhd:18]
INFO: [Synth 8-3491] module 'e2' declared at 'C:/Users/sed/Desktop/m_refrescos2/m_refrescooos/m_refrescooos.srcs/sources_1/new/e2.vhd:8' bound to instance 'uut2' of component 'e2' [C:/Users/sed/Desktop/m_refrescos2/m_refrescooos/m_refrescooos.srcs/sources_1/new/maq_estados_top.vhd:105]
INFO: [Synth 8-638] synthesizing module 'e2' [C:/Users/sed/Desktop/m_refrescos2/m_refrescooos/m_refrescooos.srcs/sources_1/new/e2.vhd:16]
WARNING: [Synth 8-614] signal 'clk' is read in the process but is not in the sensitivity list [C:/Users/sed/Desktop/m_refrescos2/m_refrescooos/m_refrescooos.srcs/sources_1/new/e2.vhd:22]
INFO: [Synth 8-256] done synthesizing module 'e2' (4#1) [C:/Users/sed/Desktop/m_refrescos2/m_refrescooos/m_refrescooos.srcs/sources_1/new/e2.vhd:16]
	Parameter N bound to: 3 - type: integer 
INFO: [Synth 8-3491] module 'e3' declared at 'C:/Users/sed/Desktop/m_refrescos2/m_refrescooos/m_refrescooos.srcs/sources_1/new/e3.vhd:8' bound to instance 'uut3' of component 'e3' [C:/Users/sed/Desktop/m_refrescos2/m_refrescooos/m_refrescooos.srcs/sources_1/new/maq_estados_top.vhd:109]
INFO: [Synth 8-638] synthesizing module 'e3' [C:/Users/sed/Desktop/m_refrescos2/m_refrescooos/m_refrescooos.srcs/sources_1/new/e3.vhd:19]
	Parameter N bound to: 3 - type: integer 
WARNING: [Synth 8-614] signal 'clk' is read in the process but is not in the sensitivity list [C:/Users/sed/Desktop/m_refrescos2/m_refrescooos/m_refrescooos.srcs/sources_1/new/e3.vhd:23]
INFO: [Synth 8-256] done synthesizing module 'e3' (5#1) [C:/Users/sed/Desktop/m_refrescos2/m_refrescooos/m_refrescooos.srcs/sources_1/new/e3.vhd:19]
WARNING: [Synth 8-614] signal 'producto' is read in the process but is not in the sensitivity list [C:/Users/sed/Desktop/m_refrescos2/m_refrescooos/m_refrescooos.srcs/sources_1/new/maq_estados_top.vhd:140]
INFO: [Synth 8-256] done synthesizing module 'maq_estados_top' (6#1) [C:/Users/sed/Desktop/m_refrescos2/m_refrescooos/m_refrescooos.srcs/sources_1/new/maq_estados_top.vhd:27]
INFO: [Synth 8-3491] module 'decod_top' declared at 'C:/Users/sed/Desktop/m_refrescos2/m_refrescooos/m_refrescooos.srcs/sources_1/new/decod_top.vhd:7' bound to instance 'dec' of component 'decod_top' [C:/Users/sed/Desktop/m_refrescos2/m_refrescooos/m_refrescooos.srcs/sources_1/new/maq_refrescos.vhd:68]
INFO: [Synth 8-638] synthesizing module 'decod_top' [C:/Users/sed/Desktop/m_refrescos2/m_refrescooos/m_refrescooos.srcs/sources_1/new/decod_top.vhd:16]
INFO: [Synth 8-3491] module 'decod' declared at 'C:/Users/sed/Desktop/m_refrescos2/m_refrescooos/m_refrescooos.srcs/sources_1/new/decod.vhd:7' bound to instance 'uttc' of component 'decod' [C:/Users/sed/Desktop/m_refrescos2/m_refrescooos/m_refrescooos.srcs/sources_1/new/decod_top.vhd:32]
INFO: [Synth 8-638] synthesizing module 'decod' [C:/Users/sed/Desktop/m_refrescos2/m_refrescooos/m_refrescooos.srcs/sources_1/new/decod.vhd:12]
INFO: [Synth 8-256] done synthesizing module 'decod' (7#1) [C:/Users/sed/Desktop/m_refrescos2/m_refrescooos/m_refrescooos.srcs/sources_1/new/decod.vhd:12]
INFO: [Synth 8-3491] module 'decod' declared at 'C:/Users/sed/Desktop/m_refrescos2/m_refrescooos/m_refrescooos.srcs/sources_1/new/decod.vhd:7' bound to instance 'uttd' of component 'decod' [C:/Users/sed/Desktop/m_refrescos2/m_refrescooos/m_refrescooos.srcs/sources_1/new/decod_top.vhd:33]
INFO: [Synth 8-3491] module 'decod' declared at 'C:/Users/sed/Desktop/m_refrescos2/m_refrescooos/m_refrescooos.srcs/sources_1/new/decod.vhd:7' bound to instance 'uttu' of component 'decod' [C:/Users/sed/Desktop/m_refrescos2/m_refrescooos/m_refrescooos.srcs/sources_1/new/decod_top.vhd:34]
INFO: [Synth 8-256] done synthesizing module 'decod_top' (8#1) [C:/Users/sed/Desktop/m_refrescos2/m_refrescooos/m_refrescooos.srcs/sources_1/new/decod_top.vhd:16]
INFO: [Synth 8-256] done synthesizing module 'maq_refrescos' (9#1) [C:/Users/sed/Desktop/m_refrescos2/m_refrescooos/m_refrescooos.srcs/sources_1/new/maq_refrescos.vhd:28]
---------------------------------------------------------------------------------
Finished RTL Elaboration : Time (s): cpu = 00:00:06 ; elapsed = 00:00:13 . Memory (MB): peak = 2557.086 ; gain = 0.000
---------------------------------------------------------------------------------

Report Check Netlist: 
+------+------------------+-------+---------+-------+------------------+
|      |Item              |Errors |Warnings |Status |Description       |
+------+------------------+-------+---------+-------+------------------+
|1     |multi_driven_nets |      0|        0|Passed |Multi driven nets |
+------+------------------+-------+---------+-------+------------------+
---------------------------------------------------------------------------------
Start Handling Custom Attributes
---------------------------------------------------------------------------------
---------------------------------------------------------------------------------
Finished Handling Custom Attributes : Time (s): cpu = 00:00:06 ; elapsed = 00:00:14 . Memory (MB): peak = 2557.086 ; gain = 0.000
---------------------------------------------------------------------------------
---------------------------------------------------------------------------------
Finished RTL Optimization Phase 1 : Time (s): cpu = 00:00:06 ; elapsed = 00:00:14 . Memory (MB): peak = 2557.086 ; gain = 0.000
---------------------------------------------------------------------------------
INFO: [Project 1-570] Preparing netlist for logic optimization

Processing XDC Constraints
Initializing timing engine
Parsing XDC File [C:/Users/sed/Desktop/m_refrescos2/Nexys-4-DDR-Master.xdc]
Finished Parsing XDC File [C:/Users/sed/Desktop/m_refrescos2/Nexys-4-DDR-Master.xdc]
Completed Processing XDC Constraints

INFO: [Opt 31-138] Pushed 0 inverter(s) to 0 load pin(s).
refresh_design: Time (s): cpu = 00:00:17 ; elapsed = 00:00:29 . Memory (MB): peak = 2575.855 ; gain = 18.770
set_property PROBES.FILE {} [get_hw_devices xc7a100t_0]
set_property FULL_PROBES.FILE {} [get_hw_devices xc7a100t_0]
set_property PROGRAM.FILE {C:/Users/sed/Desktop/m_refrescos2/m_refrescooos/m_refrescooos.runs/impl_1/maq_refrescos.bit} [get_hw_devices xc7a100t_0]
program_hw_devices [get_hw_devices xc7a100t_0]
INFO: [Labtools 27-3164] End of startup status: HIGH
refresh_hw_device [lindex [get_hw_devices xc7a100t_0] 0]
INFO: [Labtools 27-1434] Device xc7a100t (JTAG device index = 0) is programmed with a design that has no supported debug core(s) in it.
WARNING: [Labtools 27-3361] The debug hub core was not detected.
Resolution: 
1. Make sure the clock connected to the debug hub (dbg_hub) core is a free running clock and is active.
2. Make sure the BSCAN_SWITCH_USER_MASK device property in Vivado Hardware Manager reflects the user scan chain setting in the design and refresh the device.  To determine the user scan chain setting in the design, open the implemented design and use 'get_property C_USER_SCAN_CHAIN [get_debug_cores dbg_hub]'.
For more details on setting the scan chain property, consult the Vivado Debug and Programming User Guide (UG908).
refresh_hw_device [lindex [get_hw_devices xc7a100t_0] 0]
INFO: [Labtools 27-1434] Device xc7a100t (JTAG device index = 0) is programmed with a design that has no supported debug core(s) in it.
WARNING: [Labtools 27-3361] The debug hub core was not detected.
Resolution: 
1. Make sure the clock connected to the debug hub (dbg_hub) core is a free running clock and is active.
2. Make sure the BSCAN_SWITCH_USER_MASK device property in Vivado Hardware Manager reflects the user scan chain setting in the design and refresh the device.  To determine the user scan chain setting in the design, open the implemented design and use 'get_property C_USER_SCAN_CHAIN [get_debug_cores dbg_hub]'.
For more details on setting the scan chain property, consult the Vivado Debug and Programming User Guide (UG908).
exit
INFO: [Common 17-206] Exiting Vivado at Thu Jan 17 14:01:19 2019...
