#-----------------------------------------------------------
# Vivado v2018.3 (64-bit)
# SW Build 2405991 on Thu Dec  6 23:38:27 MST 2018
# IP Build 2404404 on Fri Dec  7 01:43:56 MST 2018
# Start of session at: Thu Jan 17 10:41:08 2019
# Process ID: 6452
# Current directory: C:/Users/usuario/Desktop/vivado/m_refrescos2
# Command line: vivado.exe -gui_launcher_event rodinguilauncherevent4200 C:\Users\usuario\Desktop\vivado\m_refrescos2\m_refrescos.xpr
# Log file: C:/Users/usuario/Desktop/vivado/m_refrescos2/vivado.log
# Journal file: C:/Users/usuario/Desktop/vivado/m_refrescos2\vivado.jou
#-----------------------------------------------------------
start_gui
open_project C:/Users/usuario/Desktop/vivado/m_refrescos2/m_refrescos.xpr
Scanning sources...
Finished scanning sources
INFO: [IP_Flow 19-234] Refreshing IP repositories
INFO: [IP_Flow 19-1704] No user IP repositories specified
INFO: [IP_Flow 19-2313] Loaded Vivado IP repository 'C:/Xilinx/Vivado/2018.3/data/ip'.
open_project: Time (s): cpu = 00:00:59 ; elapsed = 00:00:45 . Memory (MB): peak = 653.828 ; gain = 93.594
update_compile_order -fileset sources_1
open_hw
open_hw: Time (s): cpu = 00:00:14 ; elapsed = 00:00:06 . Memory (MB): peak = 743.059 ; gain = 0.000
connect_hw_server
INFO: [Labtools 27-2285] Connecting to hw_server url TCP:localhost:3121
INFO: [Labtools 27-2222] Launching hw_server...
INFO: [Labtools 27-2221] Launch Output:

****** Xilinx hw_server v2018.3
  **** Build date : Dec  7 2018-00:40:27
    ** Copyright 1986-2018 Xilinx, Inc. All Rights Reserved.


connect_hw_server: Time (s): cpu = 00:00:05 ; elapsed = 00:00:09 . Memory (MB): peak = 743.059 ; gain = 0.000
open_hw_target
INFO: [Labtoolstcl 44-466] Opening hw_target localhost:3121/xilinx_tcf/Digilent/210292A3FE5AA
open_hw_target: Time (s): cpu = 00:00:18 ; elapsed = 00:00:19 . Memory (MB): peak = 1639.891 ; gain = 896.832
set_property PROGRAM.FILE {C:/Users/usuario/Desktop/vivado/m_refrescos2/m_refrescos.runs/impl_1/maq_refrescos.bit} [get_hw_devices xc7a100t_0]
current_hw_device [get_hw_devices xc7a100t_0]
refresh_hw_device -update_hw_probes false [lindex [get_hw_devices xc7a100t_0] 0]
INFO: [Labtools 27-1435] Device xc7a100t (JTAG device index = 0) is not programmed (DONE status = 0).
set_property PROBES.FILE {} [get_hw_devices xc7a100t_0]
set_property FULL_PROBES.FILE {} [get_hw_devices xc7a100t_0]
set_property PROGRAM.FILE {C:/Users/usuario/Desktop/vivado/m_refrescos2/m_refrescos.runs/impl_1/maq_refrescos.bit} [get_hw_devices xc7a100t_0]
program_hw_devices [get_hw_devices xc7a100t_0]
INFO: [Labtools 27-3164] End of startup status: HIGH
refresh_hw_device [lindex [get_hw_devices xc7a100t_0] 0]
INFO: [Labtools 27-1434] Device xc7a100t (JTAG device index = 0) is programmed with a design that has no supported debug core(s) in it.
ERROR: [Labtoolstcl 44-513] HW Target shutdown. Closing target: localhost:3121/xilinx_tcf/Digilent/210292A3FE5AA
close_hw
reset_run synth_1
launch_runs impl_1 -jobs 2
[Thu Jan 17 11:04:34 2019] Launched synth_1...
Run output will be captured here: C:/Users/usuario/Desktop/vivado/m_refrescos2/m_refrescos.runs/synth_1/runme.log
[Thu Jan 17 11:04:35 2019] Launched impl_1...
Run output will be captured here: C:/Users/usuario/Desktop/vivado/m_refrescos2/m_refrescos.runs/impl_1/runme.log
launch_runs: Time (s): cpu = 00:00:03 ; elapsed = 00:00:05 . Memory (MB): peak = 1721.176 ; gain = 9.348
launch_runs impl_1 -to_step write_bitstream -jobs 2
[Thu Jan 17 11:16:51 2019] Launched impl_1...
Run output will be captured here: C:/Users/usuario/Desktop/vivado/m_refrescos2/m_refrescos.runs/impl_1/runme.log
launch_runs: Time (s): cpu = 00:00:01 ; elapsed = 00:00:07 . Memory (MB): peak = 1721.176 ; gain = 0.000
reset_run impl_1 -prev_step 
WARNING: [Vivado 12-1017] Problems encountered:
1. PID not specified

launch_runs impl_1 -to_step write_bitstream -jobs 2
[Thu Jan 17 11:36:41 2019] Launched impl_1...
Run output will be captured here: C:/Users/usuario/Desktop/vivado/m_refrescos2/m_refrescos.runs/impl_1/runme.log
open_hw
connect_hw_server
INFO: [Labtools 27-2285] Connecting to hw_server url TCP:localhost:3121
INFO: [Labtools 27-2222] Launching hw_server...
INFO: [Labtools 27-2221] Launch Output:

****** Xilinx hw_server v2018.3
  **** Build date : Dec  7 2018-00:40:27
    ** Copyright 1986-2018 Xilinx, Inc. All Rights Reserved.


connect_hw_server: Time (s): cpu = 00:00:01 ; elapsed = 00:00:08 . Memory (MB): peak = 1725.730 ; gain = 0.000
open_hw_target
INFO: [Labtoolstcl 44-466] Opening hw_target localhost:3121/xilinx_tcf/Digilent/210292A3FE5AA
set_property PROGRAM.FILE {C:/Users/usuario/Desktop/vivado/m_refrescos2/m_refrescos.runs/impl_1/maq_refrescos.bit} [get_hw_devices xc7a100t_0]
current_hw_device [get_hw_devices xc7a100t_0]
refresh_hw_device -update_hw_probes false [lindex [get_hw_devices xc7a100t_0] 0]
INFO: [Labtools 27-1435] Device xc7a100t (JTAG device index = 0) is not programmed (DONE status = 0).
set_property PROBES.FILE {} [get_hw_devices xc7a100t_0]
set_property FULL_PROBES.FILE {} [get_hw_devices xc7a100t_0]
set_property PROGRAM.FILE {C:/Users/usuario/Desktop/vivado/m_refrescos2/m_refrescos.runs/impl_1/maq_refrescos.bit} [get_hw_devices xc7a100t_0]
program_hw_devices [get_hw_devices xc7a100t_0]
INFO: [Labtools 27-3164] End of startup status: HIGH
refresh_hw_device [lindex [get_hw_devices xc7a100t_0] 0]
INFO: [Labtools 27-1434] Device xc7a100t (JTAG device index = 0) is programmed with a design that has no supported debug core(s) in it.
open_run impl_1
INFO: [Netlist 29-17] Analyzing 5 Unisim elements for replacement
INFO: [Netlist 29-28] Unisim Transformation completed in 0 CPU seconds
INFO: [Project 1-479] Netlist was created with Vivado 2018.3
INFO: [Device 21-403] Loading part xc7a100tcsg324-1
INFO: [Project 1-570] Preparing netlist for logic optimization
INFO: [Timing 38-478] Restoring timing data from binary archive.
INFO: [Timing 38-479] Binary timing data restore complete.
INFO: [Project 1-856] Restoring constraints from binary archive.
INFO: [Project 1-853] Binary constraint restore complete.
Reading XDEF placement.
Reading placer database...
Reading XDEF routing.
Read XDEF File: Time (s): cpu = 00:00:00 ; elapsed = 00:00:00.671 . Memory (MB): peak = 2589.883 ; gain = 0.000
Restored from archive | CPU: 0.000000 secs | Memory: 0.000000 MB |
Finished XDEF File Restore: Time (s): cpu = 00:00:00 ; elapsed = 00:00:00.804 . Memory (MB): peak = 2589.883 ; gain = 0.000
Netlist sorting complete. Time (s): cpu = 00:00:00 ; elapsed = 00:00:00 . Memory (MB): peak = 2589.883 ; gain = 0.000
INFO: [Project 1-111] Unisim Transformation Summary:
No Unisim elements were transformed.

open_run: Time (s): cpu = 00:02:32 ; elapsed = 00:03:01 . Memory (MB): peak = 2778.453 ; gain = 1050.586
open_report: Time (s): cpu = 00:00:09 ; elapsed = 00:00:05 . Memory (MB): peak = 2783.617 ; gain = 4.355
ERROR: [Labtoolstcl 44-513] HW Target shutdown. Closing target: localhost:3121/xilinx_tcf/Digilent/210292A3FE5AA
INFO: [Labtoolstcl 44-466] Opening hw_target localhost:3121/xilinx_tcf/Digilent/210292A3FE5AA
INFO: [Labtools 27-1435] Device xc7a100t (JTAG device index = 0) is not programmed (DONE status = 0).
WARNING: [Labtoolstcl 44-129] No matching hw_ila_data was found.
reset_run synth_1
reset_runs: Time (s): cpu = 00:00:02 ; elapsed = 00:00:07 . Memory (MB): peak = 2836.457 ; gain = 0.000
launch_runs impl_1 -jobs 2
[Thu Jan 17 12:05:20 2019] Launched synth_1...
Run output will be captured here: C:/Users/usuario/Desktop/vivado/m_refrescos2/m_refrescos.runs/synth_1/runme.log
[Thu Jan 17 12:05:20 2019] Launched impl_1...
Run output will be captured here: C:/Users/usuario/Desktop/vivado/m_refrescos2/m_refrescos.runs/impl_1/runme.log
launch_runs: Time (s): cpu = 00:00:03 ; elapsed = 00:00:10 . Memory (MB): peak = 2836.457 ; gain = 0.000
close [ open C:/Users/usuario/Desktop/vivado/m_refrescos2/m_refrescos.srcs/sources_1/new/debouncer.vhd w ]
add_files C:/Users/usuario/Desktop/vivado/m_refrescos2/m_refrescos.srcs/sources_1/new/debouncer.vhd
update_compile_order -fileset sources_1
reset_run synth_1
reset_runs: Time (s): cpu = 00:00:06 ; elapsed = 00:01:11 . Memory (MB): peak = 2836.457 ; gain = 0.000
launch_runs impl_1 -to_step write_bitstream -jobs 2
[Thu Jan 17 12:22:37 2019] Launched synth_1...
Run output will be captured here: C:/Users/usuario/Desktop/vivado/m_refrescos2/m_refrescos.runs/synth_1/runme.log
[Thu Jan 17 12:22:38 2019] Launched impl_1...
Run output will be captured here: C:/Users/usuario/Desktop/vivado/m_refrescos2/m_refrescos.runs/impl_1/runme.log
launch_runs: Time (s): cpu = 00:00:04 ; elapsed = 00:00:05 . Memory (MB): peak = 2836.457 ; gain = 0.000
set_property PROBES.FILE {} [get_hw_devices xc7a100t_0]
set_property FULL_PROBES.FILE {} [get_hw_devices xc7a100t_0]
set_property PROGRAM.FILE {C:/Users/usuario/Desktop/vivado/m_refrescos2/m_refrescos.runs/impl_1/maq_refrescos.bit} [get_hw_devices xc7a100t_0]
program_hw_devices [get_hw_devices xc7a100t_0]
INFO: [Labtools 27-3164] End of startup status: HIGH
refresh_hw_device [lindex [get_hw_devices xc7a100t_0] 0]
INFO: [Labtools 27-1434] Device xc7a100t (JTAG device index = 0) is programmed with a design that has no supported debug core(s) in it.
close_hw
close_hw: Time (s): cpu = 00:00:22 ; elapsed = 00:00:17 . Memory (MB): peak = 4141.418 ; gain = 1304.961
update_compile_order -fileset sources_1
update_compile_order -fileset sources_1
refresh_design
INFO: [Netlist 29-17] Analyzing 5 Unisim elements for replacement
INFO: [Netlist 29-28] Unisim Transformation completed in 0 CPU seconds
INFO: [Project 1-479] Netlist was created with Vivado 2018.3
INFO: [Project 1-570] Preparing netlist for logic optimization
INFO: [Timing 38-478] Restoring timing data from binary archive.
INFO: [Timing 38-479] Binary timing data restore complete.
INFO: [Project 1-856] Restoring constraints from binary archive.
INFO: [Project 1-853] Binary constraint restore complete.
Reading XDEF placement.
Reading placer database...
Reading XDEF routing.
Read XDEF File: Time (s): cpu = 00:00:01 ; elapsed = 00:00:02 . Memory (MB): peak = 4144.898 ; gain = 0.000
Restored from archive | CPU: 1.000000 secs | Memory: 0.000000 MB |
Finished XDEF File Restore: Time (s): cpu = 00:00:01 ; elapsed = 00:00:02 . Memory (MB): peak = 4144.898 ; gain = 0.000
refresh_design: Time (s): cpu = 00:00:46 ; elapsed = 00:01:00 . Memory (MB): peak = 4144.898 ; gain = 0.000
reset_run synth_1
launch_runs impl_1 -jobs 2
[Thu Jan 17 12:54:38 2019] Launched synth_1...
Run output will be captured here: C:/Users/usuario/Desktop/vivado/m_refrescos2/m_refrescos.runs/synth_1/runme.log
[Thu Jan 17 12:54:39 2019] Launched impl_1...
Run output will be captured here: C:/Users/usuario/Desktop/vivado/m_refrescos2/m_refrescos.runs/impl_1/runme.log
