#-----------------------------------------------------------
# Vivado v2018.3 (64-bit)
# SW Build 2405991 on Thu Dec  6 23:38:27 MST 2018
# IP Build 2404404 on Fri Dec  7 01:43:56 MST 2018
# Start of session at: Thu Jan 17 16:00:52 2019
# Process ID: 4728
# Current directory: C:/Users/usuario/Desktop/vivado/m_refrescos2.1
# Command line: vivado.exe -gui_launcher_event rodinguilauncherevent5568 C:\Users\usuario\Desktop\vivado\m_refrescos2.1\m_refrescos.xpr
# Log file: C:/Users/usuario/Desktop/vivado/m_refrescos2.1/vivado.log
# Journal file: C:/Users/usuario/Desktop/vivado/m_refrescos2.1\vivado.jou
#-----------------------------------------------------------
start_gui
open_project C:/Users/usuario/Desktop/vivado/m_refrescos2.1/m_refrescos.xpr
INFO: [Project 1-313] Project file moved from 'C:/Users/usuario/Desktop/vivado/m_refrescos2' since last save.
Scanning sources...
Finished scanning sources
WARNING: [Project 1-509] GeneratedRun file for 'impl_1' not found
INFO: [IP_Flow 19-234] Refreshing IP repositories
INFO: [IP_Flow 19-1704] No user IP repositories specified
INFO: [IP_Flow 19-2313] Loaded Vivado IP repository 'C:/Xilinx/Vivado/2018.3/data/ip'.
open_project: Time (s): cpu = 00:00:52 ; elapsed = 00:00:57 . Memory (MB): peak = 662.246 ; gain = 101.578
update_compile_order -fileset sources_1
open_hw
connect_hw_server
INFO: [Labtools 27-2285] Connecting to hw_server url TCP:localhost:3121
INFO: [Labtools 27-2222] Launching hw_server...
INFO: [Labtools 27-2221] Launch Output:

****** Xilinx hw_server v2018.3
  **** Build date : Dec  7 2018-00:40:27
    ** Copyright 1986-2018 Xilinx, Inc. All Rights Reserved.


connect_hw_server: Time (s): cpu = 00:00:05 ; elapsed = 00:00:11 . Memory (MB): peak = 678.316 ; gain = 0.000
open_hw_target
INFO: [Labtoolstcl 44-466] Opening hw_target localhost:3121/xilinx_tcf/Digilent/210292A3FE48A
open_hw_target: Time (s): cpu = 00:00:22 ; elapsed = 00:00:23 . Memory (MB): peak = 1606.629 ; gain = 928.313
current_hw_device [get_hw_devices xc7a100t_0]
refresh_hw_device -update_hw_probes false [lindex [get_hw_devices xc7a100t_0] 0]
INFO: [Labtools 27-1435] Device xc7a100t (JTAG device index = 0) is not programmed (DONE status = 0).
set_property PROBES.FILE {} [get_hw_devices xc7a100t_0]
set_property FULL_PROBES.FILE {} [get_hw_devices xc7a100t_0]
set_property PROGRAM.FILE {C:/Users/usuario/Desktop/vivado/m_refrescos2/m_refrescos.runs/impl_1/maq_refrescos.bit} [get_hw_devices xc7a100t_0]
program_hw_devices [get_hw_devices xc7a100t_0]
INFO: [Labtools 27-3164] End of startup status: HIGH
refresh_hw_device [lindex [get_hw_devices xc7a100t_0] 0]
INFO: [Labtools 27-1434] Device xc7a100t (JTAG device index = 0) is programmed with a design that has no supported debug core(s) in it.
reset_run synth_1
launch_runs impl_1 -to_step write_bitstream -jobs 2
[Thu Jan 17 16:09:36 2019] Launched synth_1...
Run output will be captured here: C:/Users/usuario/Desktop/vivado/m_refrescos2.1/m_refrescos.runs/synth_1/runme.log
[Thu Jan 17 16:09:36 2019] Launched impl_1...
Run output will be captured here: C:/Users/usuario/Desktop/vivado/m_refrescos2.1/m_refrescos.runs/impl_1/runme.log
refresh_hw_device [lindex [get_hw_devices xc7a100t_0] 0]
INFO: [Labtools 27-1434] Device xc7a100t (JTAG device index = 0) is programmed with a design that has no supported debug core(s) in it.
set_property PROBES.FILE {} [get_hw_devices xc7a100t_0]
set_property FULL_PROBES.FILE {} [get_hw_devices xc7a100t_0]
set_property PROGRAM.FILE {C:/Users/usuario/Desktop/vivado/m_refrescos2.1/m_refrescos.runs/impl_1/maq_refrescos.bit} [get_hw_devices xc7a100t_0]
program_hw_devices [get_hw_devices xc7a100t_0]
INFO: [Labtools 27-3164] End of startup status: HIGH
refresh_hw_device [lindex [get_hw_devices xc7a100t_0] 0]
INFO: [Labtools 27-1434] Device xc7a100t (JTAG device index = 0) is programmed with a design that has no supported debug core(s) in it.
close_hw
close_hw: Time (s): cpu = 00:00:10 ; elapsed = 00:00:07 . Memory (MB): peak = 1676.258 ; gain = 0.949
close [ open C:/Users/usuario/Desktop/vivado/m_refrescos2.1/m_refrescos.srcs/sources_1/new/clk_div.vhd w ]
add_files C:/Users/usuario/Desktop/vivado/m_refrescos2.1/m_refrescos.srcs/sources_1/new/clk_div.vhd
update_compile_order -fileset sources_1
reset_run synth_1
launch_runs impl_1 -to_step write_bitstream -jobs 2
[Thu Jan 17 16:30:09 2019] Launched synth_1...
Run output will be captured here: C:/Users/usuario/Desktop/vivado/m_refrescos2.1/m_refrescos.runs/synth_1/runme.log
[Thu Jan 17 16:30:09 2019] Launched impl_1...
Run output will be captured here: C:/Users/usuario/Desktop/vivado/m_refrescos2.1/m_refrescos.runs/impl_1/runme.log
reset_run synth_1
launch_runs impl_1 -to_step write_bitstream -jobs 2
[Thu Jan 17 16:35:20 2019] Launched synth_1...
Run output will be captured here: C:/Users/usuario/Desktop/vivado/m_refrescos2.1/m_refrescos.runs/synth_1/runme.log
[Thu Jan 17 16:35:21 2019] Launched impl_1...
Run output will be captured here: C:/Users/usuario/Desktop/vivado/m_refrescos2.1/m_refrescos.runs/impl_1/runme.log
open_hw
connect_hw_server
INFO: [Labtools 27-2285] Connecting to hw_server url TCP:localhost:3121
INFO: [Labtools 27-2222] Launching hw_server...
INFO: [Labtools 27-2221] Launch Output:

****** Xilinx hw_server v2018.3
  **** Build date : Dec  7 2018-00:40:27
    ** Copyright 1986-2018 Xilinx, Inc. All Rights Reserved.


connect_hw_server: Time (s): cpu = 00:00:02 ; elapsed = 00:00:06 . Memory (MB): peak = 1700.992 ; gain = 0.000
open_hw_target
INFO: [Labtoolstcl 44-466] Opening hw_target localhost:3121/xilinx_tcf/Digilent/210292A3FE48A
set_property PROGRAM.FILE {C:/Users/usuario/Desktop/vivado/m_refrescos2.1/m_refrescos.runs/impl_1/maq_refrescos.bit} [get_hw_devices xc7a100t_0]
current_hw_device [get_hw_devices xc7a100t_0]
refresh_hw_device -update_hw_probes false [lindex [get_hw_devices xc7a100t_0] 0]
INFO: [Labtools 27-1434] Device xc7a100t (JTAG device index = 0) is programmed with a design that has no supported debug core(s) in it.
set_property PROBES.FILE {} [get_hw_devices xc7a100t_0]
set_property FULL_PROBES.FILE {} [get_hw_devices xc7a100t_0]
set_property PROGRAM.FILE {C:/Users/usuario/Desktop/vivado/m_refrescos2.1/m_refrescos.runs/impl_1/maq_refrescos.bit} [get_hw_devices xc7a100t_0]
program_hw_devices [get_hw_devices xc7a100t_0]
INFO: [Labtools 27-3164] End of startup status: HIGH
refresh_hw_device [lindex [get_hw_devices xc7a100t_0] 0]
INFO: [Labtools 27-1434] Device xc7a100t (JTAG device index = 0) is programmed with a design that has no supported debug core(s) in it.
close_hw
close_hw: Time (s): cpu = 00:00:12 ; elapsed = 00:00:06 . Memory (MB): peak = 1700.992 ; gain = 0.000
reset_run synth_1
launch_runs impl_1 -to_step write_bitstream -jobs 2
[Thu Jan 17 17:06:26 2019] Launched synth_1...
Run output will be captured here: C:/Users/usuario/Desktop/vivado/m_refrescos2.1/m_refrescos.runs/synth_1/runme.log
[Thu Jan 17 17:06:26 2019] Launched impl_1...
Run output will be captured here: C:/Users/usuario/Desktop/vivado/m_refrescos2.1/m_refrescos.runs/impl_1/runme.log
open_hw
connect_hw_server
INFO: [Labtools 27-2285] Connecting to hw_server url TCP:localhost:3121
INFO: [Labtools 27-2222] Launching hw_server...
INFO: [Labtools 27-2221] Launch Output:

****** Xilinx hw_server v2018.3
  **** Build date : Dec  7 2018-00:40:27
    ** Copyright 1986-2018 Xilinx, Inc. All Rights Reserved.


connect_hw_server: Time (s): cpu = 00:00:01 ; elapsed = 00:00:05 . Memory (MB): peak = 1745.695 ; gain = 0.000
open_hw_target
INFO: [Labtoolstcl 44-466] Opening hw_target localhost:3121/xilinx_tcf/Digilent/210292A3FE48A
set_property PROGRAM.FILE {C:/Users/usuario/Desktop/vivado/m_refrescos2.1/m_refrescos.runs/impl_1/maq_refrescos.bit} [get_hw_devices xc7a100t_0]
current_hw_device [get_hw_devices xc7a100t_0]
refresh_hw_device -update_hw_probes false [lindex [get_hw_devices xc7a100t_0] 0]
INFO: [Labtools 27-1435] Device xc7a100t (JTAG device index = 0) is not programmed (DONE status = 0).
set_property PROBES.FILE {} [get_hw_devices xc7a100t_0]
set_property FULL_PROBES.FILE {} [get_hw_devices xc7a100t_0]
set_property PROGRAM.FILE {C:/Users/usuario/Desktop/vivado/m_refrescos2.1/m_refrescos.runs/impl_1/maq_refrescos.bit} [get_hw_devices xc7a100t_0]
program_hw_devices [get_hw_devices xc7a100t_0]
INFO: [Labtools 27-3164] End of startup status: HIGH
refresh_hw_device [lindex [get_hw_devices xc7a100t_0] 0]
INFO: [Labtools 27-1434] Device xc7a100t (JTAG device index = 0) is programmed with a design that has no supported debug core(s) in it.
close_hw
close_hw: Time (s): cpu = 00:00:09 ; elapsed = 00:00:06 . Memory (MB): peak = 1745.695 ; gain = 0.000
reset_run synth_1
launch_runs impl_1 -to_step write_bitstream -jobs 2
[Thu Jan 17 17:21:20 2019] Launched synth_1...
Run output will be captured here: C:/Users/usuario/Desktop/vivado/m_refrescos2.1/m_refrescos.runs/synth_1/runme.log
[Thu Jan 17 17:21:20 2019] Launched impl_1...
Run output will be captured here: C:/Users/usuario/Desktop/vivado/m_refrescos2.1/m_refrescos.runs/impl_1/runme.log
open_hw
connect_hw_server
INFO: [Labtools 27-2285] Connecting to hw_server url TCP:localhost:3121
INFO: [Labtools 27-2222] Launching hw_server...
INFO: [Labtools 27-2221] Launch Output:

****** Xilinx hw_server v2018.3
  **** Build date : Dec  7 2018-00:40:27
    ** Copyright 1986-2018 Xilinx, Inc. All Rights Reserved.


connect_hw_server: Time (s): cpu = 00:00:00 ; elapsed = 00:00:13 . Memory (MB): peak = 1783.945 ; gain = 0.000
open_hw_target
INFO: [Labtoolstcl 44-466] Opening hw_target localhost:3121/xilinx_tcf/Digilent/210292A3FE48A
set_property PROGRAM.FILE {C:/Users/usuario/Desktop/vivado/m_refrescos2.1/m_refrescos.runs/impl_1/maq_refrescos.bit} [get_hw_devices xc7a100t_0]
current_hw_device [get_hw_devices xc7a100t_0]
refresh_hw_device -update_hw_probes false [lindex [get_hw_devices xc7a100t_0] 0]
INFO: [Labtools 27-1434] Device xc7a100t (JTAG device index = 0) is programmed with a design that has no supported debug core(s) in it.
set_property PROBES.FILE {} [get_hw_devices xc7a100t_0]
set_property FULL_PROBES.FILE {} [get_hw_devices xc7a100t_0]
set_property PROGRAM.FILE {C:/Users/usuario/Desktop/vivado/m_refrescos2.1/m_refrescos.runs/impl_1/maq_refrescos.bit} [get_hw_devices xc7a100t_0]
program_hw_devices [get_hw_devices xc7a100t_0]
INFO: [Labtools 27-3164] End of startup status: HIGH
refresh_hw_device [lindex [get_hw_devices xc7a100t_0] 0]
INFO: [Labtools 27-1434] Device xc7a100t (JTAG device index = 0) is programmed with a design that has no supported debug core(s) in it.
close_hw
close_hw: Time (s): cpu = 00:00:08 ; elapsed = 00:00:07 . Memory (MB): peak = 1993.133 ; gain = 169.348
reset_run synth_1
launch_runs impl_1 -to_step write_bitstream -jobs 2
[Thu Jan 17 17:43:02 2019] Launched synth_1...
Run output will be captured here: C:/Users/usuario/Desktop/vivado/m_refrescos2.1/m_refrescos.runs/synth_1/runme.log
[Thu Jan 17 17:43:02 2019] Launched impl_1...
Run output will be captured here: C:/Users/usuario/Desktop/vivado/m_refrescos2.1/m_refrescos.runs/impl_1/runme.log
open_hw
connect_hw_server
INFO: [Labtools 27-2285] Connecting to hw_server url TCP:localhost:3121
INFO: [Labtools 27-2222] Launching hw_server...
INFO: [Labtools 27-2221] Launch Output:

****** Xilinx hw_server v2018.3
  **** Build date : Dec  7 2018-00:40:27
    ** Copyright 1986-2018 Xilinx, Inc. All Rights Reserved.


connect_hw_server: Time (s): cpu = 00:00:01 ; elapsed = 00:00:09 . Memory (MB): peak = 2296.688 ; gain = 0.000
open_hw_target
INFO: [Labtoolstcl 44-466] Opening hw_target localhost:3121/xilinx_tcf/Digilent/210292A3FE48A
set_property PROGRAM.FILE {C:/Users/usuario/Desktop/vivado/m_refrescos2.1/m_refrescos.runs/impl_1/maq_refrescos.bit} [get_hw_devices xc7a100t_0]
current_hw_device [get_hw_devices xc7a100t_0]
refresh_hw_device -update_hw_probes false [lindex [get_hw_devices xc7a100t_0] 0]
INFO: [Labtools 27-1434] Device xc7a100t (JTAG device index = 0) is programmed with a design that has no supported debug core(s) in it.
set_property PROBES.FILE {} [get_hw_devices xc7a100t_0]
set_property FULL_PROBES.FILE {} [get_hw_devices xc7a100t_0]
set_property PROGRAM.FILE {C:/Users/usuario/Desktop/vivado/m_refrescos2.1/m_refrescos.runs/impl_1/maq_refrescos.bit} [get_hw_devices xc7a100t_0]
program_hw_devices [get_hw_devices xc7a100t_0]
INFO: [Labtools 27-3164] End of startup status: HIGH
refresh_hw_device [lindex [get_hw_devices xc7a100t_0] 0]
INFO: [Labtools 27-1434] Device xc7a100t (JTAG device index = 0) is programmed with a design that has no supported debug core(s) in it.
close_hw
close_hw: Time (s): cpu = 00:00:06 ; elapsed = 00:00:05 . Memory (MB): peak = 2296.688 ; gain = 0.000
open_hw
reset_run synth_1
launch_runs impl_1 -to_step write_bitstream -jobs 2
[Thu Jan 17 17:57:43 2019] Launched synth_1...
Run output will be captured here: C:/Users/usuario/Desktop/vivado/m_refrescos2.1/m_refrescos.runs/synth_1/runme.log
[Thu Jan 17 17:57:44 2019] Launched impl_1...
Run output will be captured here: C:/Users/usuario/Desktop/vivado/m_refrescos2.1/m_refrescos.runs/impl_1/runme.log
close_hw
close_hw: Time (s): cpu = 00:00:10 ; elapsed = 00:00:08 . Memory (MB): peak = 2296.688 ; gain = 0.000
reset_run synth_1
launch_runs impl_1 -to_step write_bitstream -jobs 2
[Thu Jan 17 17:58:15 2019] Launched synth_1...
Run output will be captured here: C:/Users/usuario/Desktop/vivado/m_refrescos2.1/m_refrescos.runs/synth_1/runme.log
[Thu Jan 17 17:58:15 2019] Launched impl_1...
Run output will be captured here: C:/Users/usuario/Desktop/vivado/m_refrescos2.1/m_refrescos.runs/impl_1/runme.log
reset_run impl_1
reset_run synth_1
launch_runs impl_1 -to_step write_bitstream -jobs 2
[Thu Jan 17 18:03:51 2019] Launched synth_1...
Run output will be captured here: C:/Users/usuario/Desktop/vivado/m_refrescos2.1/m_refrescos.runs/synth_1/runme.log
[Thu Jan 17 18:03:51 2019] Launched impl_1...
Run output will be captured here: C:/Users/usuario/Desktop/vivado/m_refrescos2.1/m_refrescos.runs/impl_1/runme.log
open_hw
connect_hw_server
INFO: [Labtools 27-2285] Connecting to hw_server url TCP:localhost:3121
INFO: [Labtools 27-2222] Launching hw_server...
INFO: [Labtools 27-2221] Launch Output:

****** Xilinx hw_server v2018.3
  **** Build date : Dec  7 2018-00:40:27
    ** Copyright 1986-2018 Xilinx, Inc. All Rights Reserved.


connect_hw_server: Time (s): cpu = 00:00:01 ; elapsed = 00:00:07 . Memory (MB): peak = 2296.688 ; gain = 0.000
open_hw_target
INFO: [Labtoolstcl 44-466] Opening hw_target localhost:3121/xilinx_tcf/Digilent/210292A3FE48A
set_property PROGRAM.FILE {C:/Users/usuario/Desktop/vivado/m_refrescos2.1/m_refrescos.runs/impl_1/maq_refrescos.bit} [get_hw_devices xc7a100t_0]
current_hw_device [get_hw_devices xc7a100t_0]
refresh_hw_device -update_hw_probes false [lindex [get_hw_devices xc7a100t_0] 0]
INFO: [Labtools 27-1434] Device xc7a100t (JTAG device index = 0) is programmed with a design that has no supported debug core(s) in it.
reset_run synth_1
launch_runs impl_1 -to_step write_bitstream -jobs 2
[Thu Jan 17 18:16:38 2019] Launched synth_1...
Run output will be captured here: C:/Users/usuario/Desktop/vivado/m_refrescos2.1/m_refrescos.runs/synth_1/runme.log
[Thu Jan 17 18:16:39 2019] Launched impl_1...
Run output will be captured here: C:/Users/usuario/Desktop/vivado/m_refrescos2.1/m_refrescos.runs/impl_1/runme.log
close_hw
close_hw: Time (s): cpu = 00:00:07 ; elapsed = 00:00:06 . Memory (MB): peak = 2296.688 ; gain = 0.000
open_hw
connect_hw_server
INFO: [Labtools 27-2285] Connecting to hw_server url TCP:localhost:3121
open_hw_target
INFO: [Labtoolstcl 44-466] Opening hw_target localhost:3121/xilinx_tcf/Digilent/210292A3FE48A
set_property PROGRAM.FILE {C:/Users/usuario/Desktop/vivado/m_refrescos2.1/m_refrescos.runs/impl_1/maq_refrescos.bit} [get_hw_devices xc7a100t_0]
current_hw_device [get_hw_devices xc7a100t_0]
refresh_hw_device -update_hw_probes false [lindex [get_hw_devices xc7a100t_0] 0]
INFO: [Labtools 27-1434] Device xc7a100t (JTAG device index = 0) is programmed with a design that has no supported debug core(s) in it.
set_property PROBES.FILE {} [get_hw_devices xc7a100t_0]
set_property FULL_PROBES.FILE {} [get_hw_devices xc7a100t_0]
set_property PROGRAM.FILE {C:/Users/usuario/Desktop/vivado/m_refrescos2.1/m_refrescos.runs/impl_1/maq_refrescos.bit} [get_hw_devices xc7a100t_0]
program_hw_devices [get_hw_devices xc7a100t_0]
INFO: [Labtools 27-3164] End of startup status: HIGH
refresh_hw_device [lindex [get_hw_devices xc7a100t_0] 0]
INFO: [Labtools 27-1434] Device xc7a100t (JTAG device index = 0) is programmed with a design that has no supported debug core(s) in it.
reset_run synth_1
launch_runs impl_1 -to_step write_bitstream -jobs 2
[Thu Jan 17 18:32:26 2019] Launched synth_1...
Run output will be captured here: C:/Users/usuario/Desktop/vivado/m_refrescos2.1/m_refrescos.runs/synth_1/runme.log
[Thu Jan 17 18:32:26 2019] Launched impl_1...
Run output will be captured here: C:/Users/usuario/Desktop/vivado/m_refrescos2.1/m_refrescos.runs/impl_1/runme.log
close_hw
close_hw: Time (s): cpu = 00:00:08 ; elapsed = 00:00:07 . Memory (MB): peak = 2296.688 ; gain = 0.000
open_hw
connect_hw_server
INFO: [Labtools 27-2285] Connecting to hw_server url TCP:localhost:3121
open_hw_target
INFO: [Labtoolstcl 44-466] Opening hw_target localhost:3121/xilinx_tcf/Digilent/210292A3FE48A
set_property PROGRAM.FILE {C:/Users/usuario/Desktop/vivado/m_refrescos2.1/m_refrescos.runs/impl_1/maq_refrescos.bit} [get_hw_devices xc7a100t_0]
current_hw_device [get_hw_devices xc7a100t_0]
refresh_hw_device -update_hw_probes false [lindex [get_hw_devices xc7a100t_0] 0]
INFO: [Labtools 27-1434] Device xc7a100t (JTAG device index = 0) is programmed with a design that has no supported debug core(s) in it.
set_property PROBES.FILE {} [get_hw_devices xc7a100t_0]
set_property FULL_PROBES.FILE {} [get_hw_devices xc7a100t_0]
set_property PROGRAM.FILE {C:/Users/usuario/Desktop/vivado/m_refrescos2.1/m_refrescos.runs/impl_1/maq_refrescos.bit} [get_hw_devices xc7a100t_0]
program_hw_devices [get_hw_devices xc7a100t_0]
INFO: [Labtools 27-3164] End of startup status: HIGH
refresh_hw_device [lindex [get_hw_devices xc7a100t_0] 0]
INFO: [Labtools 27-1434] Device xc7a100t (JTAG device index = 0) is programmed with a design that has no supported debug core(s) in it.
refresh_hw_device [lindex [get_hw_devices xc7a100t_0] 0]
INFO: [Labtools 27-1434] Device xc7a100t (JTAG device index = 0) is programmed with a design that has no supported debug core(s) in it.
set_property PROBES.FILE {} [get_hw_devices xc7a100t_0]
set_property FULL_PROBES.FILE {} [get_hw_devices xc7a100t_0]
set_property PROGRAM.FILE {C:/Users/usuario/Desktop/vivado/m_refrescos2.1/m_refrescos.runs/impl_1/maq_refrescos.bit} [get_hw_devices xc7a100t_0]
program_hw_devices [get_hw_devices xc7a100t_0]
INFO: [Labtools 27-3164] End of startup status: HIGH
refresh_hw_device [lindex [get_hw_devices xc7a100t_0] 0]
INFO: [Labtools 27-1434] Device xc7a100t (JTAG device index = 0) is programmed with a design that has no supported debug core(s) in it.
close_hw
close_hw: Time (s): cpu = 00:00:08 ; elapsed = 00:00:07 . Memory (MB): peak = 2714.680 ; gain = 0.000
set_property SOURCE_SET sources_1 [get_filesets sim_1]
close [ open C:/Users/usuario/Desktop/vivado/m_refrescos2.1/m_refrescos.srcs/sim_1/new/clkdiv_tb.vhd w ]
add_files -fileset sim_1 C:/Users/usuario/Desktop/vivado/m_refrescos2.1/m_refrescos.srcs/sim_1/new/clkdiv_tb.vhd
update_compile_order -fileset sim_1
set_property top clkdiv_tb [get_filesets sim_1]
set_property top_lib xil_defaultlib [get_filesets sim_1]
launch_simulation
INFO: [Vivado 12-5682] Launching behavioral simulation in 'C:/Users/usuario/Desktop/vivado/m_refrescos2.1/m_refrescos.sim/sim_1/behav/xsim'
INFO: [SIM-utils-51] Simulation object is 'sim_1'
INFO: [SIM-utils-54] Inspecting design source files for 'clkdiv_tb' in fileset 'sim_1'...
INFO: [USF-XSim-97] Finding global include files...
INFO: [USF-XSim-98] Fetching design files from 'sim_1'...
INFO: [USF-XSim-2] XSim::Compile design
INFO: [USF-XSim-61] Executing 'COMPILE and ANALYZE' step in 'C:/Users/usuario/Desktop/vivado/m_refrescos2.1/m_refrescos.sim/sim_1/behav/xsim'
"xvhdl --incr --relax -prj clkdiv_tb_vhdl.prj"
INFO: [VRFC 10-163] Analyzing VHDL file "C:/Users/usuario/Desktop/vivado/m_refrescos2.1/m_refrescos.srcs/sources_1/new/clk_div.vhd" into library xil_defaultlib
INFO: [VRFC 10-3107] analyzing entity 'clk_div'
INFO: [VRFC 10-163] Analyzing VHDL file "C:/Users/usuario/Desktop/vivado/m_refrescos2.1/m_refrescos.srcs/sim_1/new/clkdiv_tb.vhd" into library xil_defaultlib
INFO: [VRFC 10-3107] analyzing entity 'clkdiv_tb'
run_program: Time (s): cpu = 00:00:01 ; elapsed = 00:00:08 . Memory (MB): peak = 2813.242 ; gain = 0.000
INFO: [USF-XSim-69] 'compile' step finished in '8' seconds
INFO: [USF-XSim-3] XSim::Elaborate design
INFO: [USF-XSim-61] Executing 'ELABORATE' step in 'C:/Users/usuario/Desktop/vivado/m_refrescos2.1/m_refrescos.sim/sim_1/behav/xsim'
Vivado Simulator 2018.3
Copyright 1986-1999, 2001-2018 Xilinx, Inc. All Rights Reserved.
Running: C:/Xilinx/Vivado/2018.3/bin/unwrapped/win64.o/xelab.exe -wto d7add09f36cf4662b7d7f5d2ac0817ab --incr --debug typical --relax --mt 2 -L xil_defaultlib -L secureip --snapshot clkdiv_tb_behav xil_defaultlib.clkdiv_tb -log elaborate.log 
Using 2 slave threads.
Starting static elaboration
Completed static elaboration
Starting simulation data flow analysis
Completed simulation data flow analysis
Time Resolution for simulation is 1ps
Compiling package std.standard
Compiling package std.textio
Compiling package ieee.std_logic_1164
Compiling package ieee.std_logic_arith
Compiling package ieee.std_logic_unsigned
Compiling package ieee.numeric_std
Compiling architecture behavioral of entity xil_defaultlib.clk_div [clk_div_default]
Compiling architecture behav of entity xil_defaultlib.clkdiv_tb
Built simulation snapshot clkdiv_tb_behav

****** Webtalk v2018.3 (64-bit)
  **** SW Build 2405991 on Thu Dec  6 23:38:27 MST 2018
  **** IP Build 2404404 on Fri Dec  7 01:43:56 MST 2018
    ** Copyright 1986-2018 Xilinx, Inc. All Rights Reserved.

source C:/Users/usuario/Desktop/vivado/m_refrescos2.1/m_refrescos.sim/sim_1/behav/xsim/xsim.dir/clkdiv_tb_behav/webtalk/xsim_webtalk.tcl -notrace
INFO: [Common 17-186] 'C:/Users/usuario/Desktop/vivado/m_refrescos2.1/m_refrescos.sim/sim_1/behav/xsim/xsim.dir/clkdiv_tb_behav/webtalk/usage_statistics_ext_xsim.xml' has been successfully sent to Xilinx on Thu Jan 17 18:47:15 2019. For additional details about this file, please refer to the WebTalk help file at C:/Xilinx/Vivado/2018.3/doc/webtalk_introduction.html.
INFO: [Common 17-206] Exiting Webtalk at Thu Jan 17 18:47:15 2019...
run_program: Time (s): cpu = 00:00:01 ; elapsed = 00:00:24 . Memory (MB): peak = 2813.242 ; gain = 0.000
INFO: [USF-XSim-69] 'elaborate' step finished in '25' seconds
INFO: [USF-XSim-4] XSim::Simulate design
INFO: [USF-XSim-61] Executing 'SIMULATE' step in 'C:/Users/usuario/Desktop/vivado/m_refrescos2.1/m_refrescos.sim/sim_1/behav/xsim'
INFO: [USF-XSim-98] *** Running xsim
   with args "clkdiv_tb_behav -key {Behavioral:sim_1:Functional:clkdiv_tb} -tclbatch {clkdiv_tb.tcl} -log {simulate.log}"
INFO: [USF-XSim-8] Loading simulator feature
Vivado Simulator 2018.3
Time resolution is 1 ps
source clkdiv_tb.tcl
# set curr_wave [current_wave_config]
# if { [string length $curr_wave] == 0 } {
#   if { [llength [get_objects]] > 0} {
#     add_wave /
#     set_property needs_save false [current_wave_config]
#   } else {
#      send_msg_id Add_Wave-1 WARNING "No top level signals found. Simulator will start without a wave window. If you want to open a wave window go to 'File->New Waveform Configuration' or type 'create_wave_config' in the TCL console."
#   }
# }
# run 100ns
xsim: Time (s): cpu = 00:00:16 ; elapsed = 00:00:11 . Memory (MB): peak = 2844.211 ; gain = 30.969
INFO: [USF-XSim-96] XSim completed. Design snapshot 'clkdiv_tb_behav' loaded.
INFO: [USF-XSim-97] XSim simulation ran for 100ns
launch_simulation: Time (s): cpu = 00:00:21 ; elapsed = 00:00:50 . Memory (MB): peak = 2844.211 ; gain = 30.969
update_compile_order -fileset sim_1
relaunch_sim
suspend_sim: Time (s): cpu = 00:00:01 ; elapsed = 00:00:11 . Memory (MB): peak = 2844.211 ; gain = 0.000
INFO: [Vivado 12-5682] Launching behavioral simulation in 'C:/Users/usuario/Desktop/vivado/m_refrescos2.1/m_refrescos.sim/sim_1/behav/xsim'
INFO: [SIM-utils-51] Simulation object is 'sim_1'
INFO: [SIM-utils-54] Inspecting design source files for 'clkdiv_tb' in fileset 'sim_1'...
INFO: [USF-XSim-97] Finding global include files...
INFO: [USF-XSim-98] Fetching design files from 'sim_1'...
INFO: [USF-XSim-2] XSim::Compile design
INFO: [USF-XSim-61] Executing 'COMPILE and ANALYZE' step in 'C:/Users/usuario/Desktop/vivado/m_refrescos2.1/m_refrescos.sim/sim_1/behav/xsim'
"xvhdl --incr --relax -prj clkdiv_tb_vhdl.prj"
INFO: [VRFC 10-163] Analyzing VHDL file "C:/Users/usuario/Desktop/vivado/m_refrescos2.1/m_refrescos.srcs/sources_1/new/clk_div.vhd" into library xil_defaultlib
INFO: [VRFC 10-3107] analyzing entity 'clk_div'
INFO: [USF-XSim-69] 'compile' step finished in '4' seconds
INFO: [Vivado 12-5682] Launching behavioral simulation in 'C:/Users/usuario/Desktop/vivado/m_refrescos2.1/m_refrescos.sim/sim_1/behav/xsim'
INFO: [USF-XSim-3] XSim::Elaborate design
INFO: [USF-XSim-61] Executing 'ELABORATE' step in 'C:/Users/usuario/Desktop/vivado/m_refrescos2.1/m_refrescos.sim/sim_1/behav/xsim'
Vivado Simulator 2018.3
Copyright 1986-1999, 2001-2018 Xilinx, Inc. All Rights Reserved.
Running: C:/Xilinx/Vivado/2018.3/bin/unwrapped/win64.o/xelab.exe -wto d7add09f36cf4662b7d7f5d2ac0817ab --incr --debug typical --relax --mt 2 -L xil_defaultlib -L secureip --snapshot clkdiv_tb_behav xil_defaultlib.clkdiv_tb -log elaborate.log 
Using 2 slave threads.
Starting static elaboration
Completed static elaboration
Starting simulation data flow analysis
Completed simulation data flow analysis
Time Resolution for simulation is 1ps
Compiling package std.standard
Compiling package std.textio
Compiling package ieee.std_logic_1164
Compiling package ieee.std_logic_arith
Compiling package ieee.std_logic_unsigned
Compiling package ieee.numeric_std
Compiling architecture behavioral of entity xil_defaultlib.clk_div [clk_div_default]
Compiling architecture behav of entity xil_defaultlib.clkdiv_tb
Built simulation snapshot clkdiv_tb_behav
INFO: [USF-XSim-69] 'elaborate' step finished in '5' seconds
Vivado Simulator 2018.3
Time resolution is 1 ps
relaunch_sim: Time (s): cpu = 00:00:06 ; elapsed = 00:00:22 . Memory (MB): peak = 2844.211 ; gain = 0.000
relaunch_sim
INFO: [Vivado 12-5682] Launching behavioral simulation in 'C:/Users/usuario/Desktop/vivado/m_refrescos2.1/m_refrescos.sim/sim_1/behav/xsim'
INFO: [SIM-utils-51] Simulation object is 'sim_1'
INFO: [SIM-utils-54] Inspecting design source files for 'clkdiv_tb' in fileset 'sim_1'...
INFO: [USF-XSim-97] Finding global include files...
INFO: [USF-XSim-98] Fetching design files from 'sim_1'...
INFO: [USF-XSim-2] XSim::Compile design
INFO: [USF-XSim-61] Executing 'COMPILE and ANALYZE' step in 'C:/Users/usuario/Desktop/vivado/m_refrescos2.1/m_refrescos.sim/sim_1/behav/xsim'
"xvhdl --incr --relax -prj clkdiv_tb_vhdl.prj"
INFO: [VRFC 10-163] Analyzing VHDL file "C:/Users/usuario/Desktop/vivado/m_refrescos2.1/m_refrescos.srcs/sources_1/new/clk_div.vhd" into library xil_defaultlib
INFO: [VRFC 10-3107] analyzing entity 'clk_div'
INFO: [USF-XSim-69] 'compile' step finished in '4' seconds
INFO: [Vivado 12-5682] Launching behavioral simulation in 'C:/Users/usuario/Desktop/vivado/m_refrescos2.1/m_refrescos.sim/sim_1/behav/xsim'
INFO: [USF-XSim-3] XSim::Elaborate design
INFO: [USF-XSim-61] Executing 'ELABORATE' step in 'C:/Users/usuario/Desktop/vivado/m_refrescos2.1/m_refrescos.sim/sim_1/behav/xsim'
Vivado Simulator 2018.3
Copyright 1986-1999, 2001-2018 Xilinx, Inc. All Rights Reserved.
Running: C:/Xilinx/Vivado/2018.3/bin/unwrapped/win64.o/xelab.exe -wto d7add09f36cf4662b7d7f5d2ac0817ab --incr --debug typical --relax --mt 2 -L xil_defaultlib -L secureip --snapshot clkdiv_tb_behav xil_defaultlib.clkdiv_tb -log elaborate.log 
Using 2 slave threads.
Starting static elaboration
Completed static elaboration
Starting simulation data flow analysis
Completed simulation data flow analysis
Time Resolution for simulation is 1ps
Compiling package std.standard
Compiling package std.textio
Compiling package ieee.std_logic_1164
Compiling package ieee.std_logic_arith
Compiling package ieee.std_logic_unsigned
Compiling package ieee.numeric_std
Compiling architecture behavioral of entity xil_defaultlib.clk_div [clk_div_default]
Compiling architecture behav of entity xil_defaultlib.clkdiv_tb
Built simulation snapshot clkdiv_tb_behav
INFO: [USF-XSim-69] 'elaborate' step finished in '5' seconds
Vivado Simulator 2018.3
Time resolution is 1 ps
relaunch_sim: Time (s): cpu = 00:00:05 ; elapsed = 00:00:14 . Memory (MB): peak = 2844.211 ; gain = 0.000
relaunch_sim
INFO: [Vivado 12-5682] Launching behavioral simulation in 'C:/Users/usuario/Desktop/vivado/m_refrescos2.1/m_refrescos.sim/sim_1/behav/xsim'
INFO: [SIM-utils-51] Simulation object is 'sim_1'
INFO: [SIM-utils-54] Inspecting design source files for 'clkdiv_tb' in fileset 'sim_1'...
INFO: [USF-XSim-97] Finding global include files...
INFO: [USF-XSim-98] Fetching design files from 'sim_1'...
INFO: [USF-XSim-2] XSim::Compile design
INFO: [USF-XSim-61] Executing 'COMPILE and ANALYZE' step in 'C:/Users/usuario/Desktop/vivado/m_refrescos2.1/m_refrescos.sim/sim_1/behav/xsim'
"xvhdl --incr --relax -prj clkdiv_tb_vhdl.prj"
INFO: [VRFC 10-163] Analyzing VHDL file "C:/Users/usuario/Desktop/vivado/m_refrescos2.1/m_refrescos.srcs/sources_1/new/clk_div.vhd" into library xil_defaultlib
INFO: [VRFC 10-3107] analyzing entity 'clk_div'
INFO: [USF-XSim-69] 'compile' step finished in '4' seconds
INFO: [Vivado 12-5682] Launching behavioral simulation in 'C:/Users/usuario/Desktop/vivado/m_refrescos2.1/m_refrescos.sim/sim_1/behav/xsim'
INFO: [USF-XSim-3] XSim::Elaborate design
INFO: [USF-XSim-61] Executing 'ELABORATE' step in 'C:/Users/usuario/Desktop/vivado/m_refrescos2.1/m_refrescos.sim/sim_1/behav/xsim'
Vivado Simulator 2018.3
Copyright 1986-1999, 2001-2018 Xilinx, Inc. All Rights Reserved.
Running: C:/Xilinx/Vivado/2018.3/bin/unwrapped/win64.o/xelab.exe -wto d7add09f36cf4662b7d7f5d2ac0817ab --incr --debug typical --relax --mt 2 -L xil_defaultlib -L secureip --snapshot clkdiv_tb_behav xil_defaultlib.clkdiv_tb -log elaborate.log 
Using 2 slave threads.
Starting static elaboration
Completed static elaboration
Starting simulation data flow analysis
Completed simulation data flow analysis
Time Resolution for simulation is 1ps
Compiling package std.standard
Compiling package std.textio
Compiling package ieee.std_logic_1164
Compiling package ieee.std_logic_arith
Compiling package ieee.std_logic_unsigned
Compiling package ieee.numeric_std
Compiling architecture behavioral of entity xil_defaultlib.clk_div [clk_div_default]
Compiling architecture behav of entity xil_defaultlib.clkdiv_tb
Built simulation snapshot clkdiv_tb_behav
INFO: [USF-XSim-69] 'elaborate' step finished in '5' seconds
Vivado Simulator 2018.3
Time resolution is 1 ps
relaunch_sim: Time (s): cpu = 00:00:03 ; elapsed = 00:00:14 . Memory (MB): peak = 2844.211 ; gain = 0.000
run all
run: Time (s): cpu = 00:00:15 ; elapsed = 00:00:11 . Memory (MB): peak = 2844.211 ; gain = 0.000
reset_run synth_1
WARNING: [Vivado 12-1017] Problems encountered:
1. Failed to delete one or more files in run directory C:/Users/usuario/Desktop/vivado/m_refrescos2.1/m_refrescos.runs/synth_1

launch_runs impl_1 -to_step write_bitstream -jobs 2
[Thu Jan 17 18:53:35 2019] Launched synth_1...
Run output will be captured here: C:/Users/usuario/Desktop/vivado/m_refrescos2.1/m_refrescos.runs/synth_1/runme.log
[Thu Jan 17 18:53:35 2019] Launched impl_1...
Run output will be captured here: C:/Users/usuario/Desktop/vivado/m_refrescos2.1/m_refrescos.runs/impl_1/runme.log
open_hw
connect_hw_server
INFO: [Labtools 27-2285] Connecting to hw_server url TCP:localhost:3121
INFO: [Labtools 27-2222] Launching hw_server...
INFO: [Labtools 27-2221] Launch Output:

****** Xilinx hw_server v2018.3
  **** Build date : Dec  7 2018-00:40:27
    ** Copyright 1986-2018 Xilinx, Inc. All Rights Reserved.


connect_hw_server: Time (s): cpu = 00:00:01 ; elapsed = 00:00:05 . Memory (MB): peak = 2844.211 ; gain = 0.000
open_hw_target
INFO: [Labtoolstcl 44-466] Opening hw_target localhost:3121/xilinx_tcf/Digilent/210292A3FE48A
set_property PROGRAM.FILE {C:/Users/usuario/Desktop/vivado/m_refrescos2.1/m_refrescos.runs/impl_1/maq_refrescos.bit} [get_hw_devices xc7a100t_0]
current_hw_device [get_hw_devices xc7a100t_0]
refresh_hw_device -update_hw_probes false [lindex [get_hw_devices xc7a100t_0] 0]
INFO: [Labtools 27-1434] Device xc7a100t (JTAG device index = 0) is programmed with a design that has no supported debug core(s) in it.
set_property PROBES.FILE {} [get_hw_devices xc7a100t_0]
set_property FULL_PROBES.FILE {} [get_hw_devices xc7a100t_0]
set_property PROGRAM.FILE {C:/Users/usuario/Desktop/vivado/m_refrescos2.1/m_refrescos.runs/impl_1/maq_refrescos.bit} [get_hw_devices xc7a100t_0]
program_hw_devices [get_hw_devices xc7a100t_0]
INFO: [Labtools 27-3164] End of startup status: HIGH
refresh_hw_device [lindex [get_hw_devices xc7a100t_0] 0]
INFO: [Labtools 27-1434] Device xc7a100t (JTAG device index = 0) is programmed with a design that has no supported debug core(s) in it.
close_hw
reset_run synth_1
WARNING: [Vivado 12-1017] Problems encountered:
1. Failed to delete one or more files in run directory C:/Users/usuario/Desktop/vivado/m_refrescos2.1/m_refrescos.runs/synth_1

launch_runs impl_1 -to_step write_bitstream -jobs 2
[Thu Jan 17 19:09:28 2019] Launched synth_1...
Run output will be captured here: C:/Users/usuario/Desktop/vivado/m_refrescos2.1/m_refrescos.runs/synth_1/runme.log
[Thu Jan 17 19:09:28 2019] Launched impl_1...
Run output will be captured here: C:/Users/usuario/Desktop/vivado/m_refrescos2.1/m_refrescos.runs/impl_1/runme.log
open_hw
connect_hw_server
INFO: [Labtools 27-2285] Connecting to hw_server url TCP:localhost:3121
INFO: [Labtools 27-2222] Launching hw_server...
INFO: [Labtools 27-2221] Launch Output:

****** Xilinx hw_server v2018.3
  **** Build date : Dec  7 2018-00:40:27
    ** Copyright 1986-2018 Xilinx, Inc. All Rights Reserved.


connect_hw_server: Time (s): cpu = 00:00:01 ; elapsed = 00:00:07 . Memory (MB): peak = 2844.211 ; gain = 0.000
open_hw_target
INFO: [Labtoolstcl 44-466] Opening hw_target localhost:3121/xilinx_tcf/Digilent/210292A3FE48A
set_property PROGRAM.FILE {C:/Users/usuario/Desktop/vivado/m_refrescos2.1/m_refrescos.runs/impl_1/maq_refrescos.bit} [get_hw_devices xc7a100t_0]
current_hw_device [get_hw_devices xc7a100t_0]
refresh_hw_device -update_hw_probes false [lindex [get_hw_devices xc7a100t_0] 0]
INFO: [Labtools 27-1434] Device xc7a100t (JTAG device index = 0) is programmed with a design that has no supported debug core(s) in it.
set_property PROBES.FILE {} [get_hw_devices xc7a100t_0]
set_property FULL_PROBES.FILE {} [get_hw_devices xc7a100t_0]
set_property PROGRAM.FILE {C:/Users/usuario/Desktop/vivado/m_refrescos2.1/m_refrescos.runs/impl_1/maq_refrescos.bit} [get_hw_devices xc7a100t_0]
program_hw_devices [get_hw_devices xc7a100t_0]
INFO: [Labtools 27-3164] End of startup status: HIGH
refresh_hw_device [lindex [get_hw_devices xc7a100t_0] 0]
INFO: [Labtools 27-1434] Device xc7a100t (JTAG device index = 0) is programmed with a design that has no supported debug core(s) in it.
reset_run synth_1
WARNING: [Vivado 12-1017] Problems encountered:
1. Failed to delete one or more files in run directory C:/Users/usuario/Desktop/vivado/m_refrescos2.1/m_refrescos.runs/synth_1

launch_runs impl_1 -to_step write_bitstream -jobs 2
[Thu Jan 17 19:22:02 2019] Launched synth_1...
Run output will be captured here: C:/Users/usuario/Desktop/vivado/m_refrescos2.1/m_refrescos.runs/synth_1/runme.log
[Thu Jan 17 19:22:03 2019] Launched impl_1...
Run output will be captured here: C:/Users/usuario/Desktop/vivado/m_refrescos2.1/m_refrescos.runs/impl_1/runme.log
close_hw
open_hw
connect_hw_server
INFO: [Labtools 27-2285] Connecting to hw_server url TCP:localhost:3121
open_hw_target
INFO: [Labtoolstcl 44-466] Opening hw_target localhost:3121/xilinx_tcf/Digilent/210292A3FE48A
set_property PROGRAM.FILE {C:/Users/usuario/Desktop/vivado/m_refrescos2.1/m_refrescos.runs/impl_1/maq_refrescos.bit} [get_hw_devices xc7a100t_0]
current_hw_device [get_hw_devices xc7a100t_0]
refresh_hw_device -update_hw_probes false [lindex [get_hw_devices xc7a100t_0] 0]
INFO: [Labtools 27-1434] Device xc7a100t (JTAG device index = 0) is programmed with a design that has no supported debug core(s) in it.
set_property PROBES.FILE {} [get_hw_devices xc7a100t_0]
set_property FULL_PROBES.FILE {} [get_hw_devices xc7a100t_0]
set_property PROGRAM.FILE {C:/Users/usuario/Desktop/vivado/m_refrescos2.1/m_refrescos.runs/impl_1/maq_refrescos.bit} [get_hw_devices xc7a100t_0]
program_hw_devices [get_hw_devices xc7a100t_0]
INFO: [Labtools 27-3164] End of startup status: HIGH
refresh_hw_device [lindex [get_hw_devices xc7a100t_0] 0]
INFO: [Labtools 27-1434] Device xc7a100t (JTAG device index = 0) is programmed with a design that has no supported debug core(s) in it.
reset_run synth_1
WARNING: [Vivado 12-1017] Problems encountered:
1. Failed to delete one or more files in run directory C:/Users/usuario/Desktop/vivado/m_refrescos2.1/m_refrescos.runs/synth_1

launch_runs impl_1 -to_step write_bitstream -jobs 2
[Thu Jan 17 19:35:36 2019] Launched synth_1...
Run output will be captured here: C:/Users/usuario/Desktop/vivado/m_refrescos2.1/m_refrescos.runs/synth_1/runme.log
[Thu Jan 17 19:35:36 2019] Launched impl_1...
Run output will be captured here: C:/Users/usuario/Desktop/vivado/m_refrescos2.1/m_refrescos.runs/impl_1/runme.log
close_hw
open_hw
connect_hw_server
INFO: [Labtools 27-2285] Connecting to hw_server url TCP:localhost:3121
open_hw_target
INFO: [Labtoolstcl 44-466] Opening hw_target localhost:3121/xilinx_tcf/Digilent/210292A3FE48A
set_property PROGRAM.FILE {C:/Users/usuario/Desktop/vivado/m_refrescos2.1/m_refrescos.runs/impl_1/maq_refrescos.bit} [get_hw_devices xc7a100t_0]
current_hw_device [get_hw_devices xc7a100t_0]
refresh_hw_device -update_hw_probes false [lindex [get_hw_devices xc7a100t_0] 0]
INFO: [Labtools 27-1434] Device xc7a100t (JTAG device index = 0) is programmed with a design that has no supported debug core(s) in it.
set_property PROBES.FILE {} [get_hw_devices xc7a100t_0]
set_property FULL_PROBES.FILE {} [get_hw_devices xc7a100t_0]
set_property PROGRAM.FILE {C:/Users/usuario/Desktop/vivado/m_refrescos2.1/m_refrescos.runs/impl_1/maq_refrescos.bit} [get_hw_devices xc7a100t_0]
program_hw_devices [get_hw_devices xc7a100t_0]
INFO: [Labtools 27-3164] End of startup status: HIGH
refresh_hw_device [lindex [get_hw_devices xc7a100t_0] 0]
INFO: [Labtools 27-1434] Device xc7a100t (JTAG device index = 0) is programmed with a design that has no supported debug core(s) in it.
reset_run synth_1
WARNING: [Vivado 12-1017] Problems encountered:
1. Failed to delete one or more files in run directory C:/Users/usuario/Desktop/vivado/m_refrescos2.1/m_refrescos.runs/synth_1

launch_runs impl_1 -to_step write_bitstream -jobs 2
[Thu Jan 17 19:48:43 2019] Launched synth_1...
Run output will be captured here: C:/Users/usuario/Desktop/vivado/m_refrescos2.1/m_refrescos.runs/synth_1/runme.log
[Thu Jan 17 19:48:43 2019] Launched impl_1...
Run output will be captured here: C:/Users/usuario/Desktop/vivado/m_refrescos2.1/m_refrescos.runs/impl_1/runme.log
ERROR: [Labtoolstcl 44-513] HW Target shutdown. Closing target: localhost:3121/xilinx_tcf/Digilent/210292A3FE48A
close_hw
open_hw
connect_hw_server
INFO: [Labtools 27-2285] Connecting to hw_server url TCP:localhost:3121
INFO: [Labtools 27-2222] Launching hw_server...
INFO: [Labtools 27-2221] Launch Output:

****** Xilinx hw_server v2018.3
  **** Build date : Dec  7 2018-00:40:27
    ** Copyright 1986-2018 Xilinx, Inc. All Rights Reserved.


connect_hw_server: Time (s): cpu = 00:00:01 ; elapsed = 00:00:07 . Memory (MB): peak = 2844.211 ; gain = 0.000
open_hw_target
INFO: [Labtoolstcl 44-466] Opening hw_target localhost:3121/xilinx_tcf/Digilent/210292A3FE51A
set_property PROGRAM.FILE {C:/Users/usuario/Desktop/vivado/m_refrescos2.1/m_refrescos.runs/impl_1/maq_refrescos.bit} [get_hw_devices xc7a100t_0]
current_hw_device [get_hw_devices xc7a100t_0]
refresh_hw_device -update_hw_probes false [lindex [get_hw_devices xc7a100t_0] 0]
INFO: [Labtools 27-1435] Device xc7a100t (JTAG device index = 0) is not programmed (DONE status = 0).
set_property PROBES.FILE {} [get_hw_devices xc7a100t_0]
set_property FULL_PROBES.FILE {} [get_hw_devices xc7a100t_0]
set_property PROGRAM.FILE {C:/Users/usuario/Desktop/vivado/m_refrescos2.1/m_refrescos.runs/impl_1/maq_refrescos.bit} [get_hw_devices xc7a100t_0]
program_hw_devices [get_hw_devices xc7a100t_0]
INFO: [Labtools 27-3164] End of startup status: HIGH
refresh_hw_device [lindex [get_hw_devices xc7a100t_0] 0]
INFO: [Labtools 27-1434] Device xc7a100t (JTAG device index = 0) is programmed with a design that has no supported debug core(s) in it.
reset_run synth_1
WARNING: [Vivado 12-1017] Problems encountered:
1. Failed to delete one or more files in run directory C:/Users/usuario/Desktop/vivado/m_refrescos2.1/m_refrescos.runs/synth_1

launch_runs impl_1 -to_step write_bitstream -jobs 2
[Fri Jan 18 11:15:41 2019] Launched synth_1...
Run output will be captured here: C:/Users/usuario/Desktop/vivado/m_refrescos2.1/m_refrescos.runs/synth_1/runme.log
[Fri Jan 18 11:15:41 2019] Launched impl_1...
Run output will be captured here: C:/Users/usuario/Desktop/vivado/m_refrescos2.1/m_refrescos.runs/impl_1/runme.log
close_hw
open_hw
connect_hw_server
INFO: [Labtools 27-2285] Connecting to hw_server url TCP:localhost:3121
INFO: [Labtools 27-2222] Launching hw_server...
INFO: [Labtools 27-2221] Launch Output:

****** Xilinx hw_server v2018.3
  **** Build date : Dec  7 2018-00:40:27
    ** Copyright 1986-2018 Xilinx, Inc. All Rights Reserved.


connect_hw_server: Time (s): cpu = 00:00:01 ; elapsed = 00:00:07 . Memory (MB): peak = 2844.211 ; gain = 0.000
open_hw_target
INFO: [Labtoolstcl 44-466] Opening hw_target localhost:3121/xilinx_tcf/Digilent/210292A3FE51A
set_property PROGRAM.FILE {C:/Users/usuario/Desktop/vivado/m_refrescos2.1/m_refrescos.runs/impl_1/maq_refrescos.bit} [get_hw_devices xc7a100t_0]
current_hw_device [get_hw_devices xc7a100t_0]
refresh_hw_device -update_hw_probes false [lindex [get_hw_devices xc7a100t_0] 0]
INFO: [Labtools 27-1434] Device xc7a100t (JTAG device index = 0) is programmed with a design that has no supported debug core(s) in it.
set_property PROBES.FILE {} [get_hw_devices xc7a100t_0]
set_property FULL_PROBES.FILE {} [get_hw_devices xc7a100t_0]
set_property PROGRAM.FILE {C:/Users/usuario/Desktop/vivado/m_refrescos2.1/m_refrescos.runs/impl_1/maq_refrescos.bit} [get_hw_devices xc7a100t_0]
program_hw_devices [get_hw_devices xc7a100t_0]
INFO: [Labtools 27-3164] End of startup status: HIGH
refresh_hw_device [lindex [get_hw_devices xc7a100t_0] 0]
INFO: [Labtools 27-1434] Device xc7a100t (JTAG device index = 0) is programmed with a design that has no supported debug core(s) in it.
ERROR: [Labtoolstcl 44-513] HW Target shutdown. Closing target: localhost:3121/xilinx_tcf/Digilent/210292A3FE51A
INFO: [Labtoolstcl 44-466] Opening hw_target localhost:3121/xilinx_tcf/Digilent/210292A3FE51A
INFO: [Labtools 27-1435] Device xc7a100t (JTAG device index = 0) is not programmed (DONE status = 0).
WARNING: [Labtoolstcl 44-129] No matching hw_ila_data was found.
close_hw
reset_run synth_1
WARNING: [Vivado 12-1017] Problems encountered:
1. Failed to delete one or more files in run directory C:/Users/usuario/Desktop/vivado/m_refrescos2.1/m_refrescos.runs/synth_1

launch_runs impl_1 -to_step write_bitstream -jobs 2
[Fri Jan 18 11:42:06 2019] Launched synth_1...
Run output will be captured here: C:/Users/usuario/Desktop/vivado/m_refrescos2.1/m_refrescos.runs/synth_1/runme.log
[Fri Jan 18 11:42:06 2019] Launched impl_1...
Run output will be captured here: C:/Users/usuario/Desktop/vivado/m_refrescos2.1/m_refrescos.runs/impl_1/runme.log
open_hw
connect_hw_server
INFO: [Labtools 27-2285] Connecting to hw_server url TCP:localhost:3121
INFO: [Labtools 27-2222] Launching hw_server...
INFO: [Labtools 27-2221] Launch Output:

****** Xilinx hw_server v2018.3
  **** Build date : Dec  7 2018-00:40:27
    ** Copyright 1986-2018 Xilinx, Inc. All Rights Reserved.


connect_hw_server: Time (s): cpu = 00:00:00 ; elapsed = 00:00:07 . Memory (MB): peak = 2844.211 ; gain = 0.000
open_hw_target
INFO: [Labtoolstcl 44-466] Opening hw_target localhost:3121/xilinx_tcf/Digilent/210292A3FE51A
set_property PROGRAM.FILE {C:/Users/usuario/Desktop/vivado/m_refrescos2.1/m_refrescos.runs/impl_1/maq_refrescos.bit} [get_hw_devices xc7a100t_0]
current_hw_device [get_hw_devices xc7a100t_0]
refresh_hw_device -update_hw_probes false [lindex [get_hw_devices xc7a100t_0] 0]
INFO: [Labtools 27-1435] Device xc7a100t (JTAG device index = 0) is not programmed (DONE status = 0).
set_property PROBES.FILE {} [get_hw_devices xc7a100t_0]
set_property FULL_PROBES.FILE {} [get_hw_devices xc7a100t_0]
set_property PROGRAM.FILE {C:/Users/usuario/Desktop/vivado/m_refrescos2.1/m_refrescos.runs/impl_1/maq_refrescos.bit} [get_hw_devices xc7a100t_0]
program_hw_devices [get_hw_devices xc7a100t_0]
INFO: [Labtools 27-3164] End of startup status: HIGH
refresh_hw_device [lindex [get_hw_devices xc7a100t_0] 0]
INFO: [Labtools 27-1434] Device xc7a100t (JTAG device index = 0) is programmed with a design that has no supported debug core(s) in it.
close_hw
reset_run synth_1
WARNING: [Vivado 12-1017] Problems encountered:
1. Failed to delete one or more files in run directory C:/Users/usuario/Desktop/vivado/m_refrescos2.1/m_refrescos.runs/synth_1

launch_runs impl_1 -to_step write_bitstream -jobs 2
[Fri Jan 18 12:00:30 2019] Launched synth_1...
Run output will be captured here: C:/Users/usuario/Desktop/vivado/m_refrescos2.1/m_refrescos.runs/synth_1/runme.log
[Fri Jan 18 12:00:30 2019] Launched impl_1...
Run output will be captured here: C:/Users/usuario/Desktop/vivado/m_refrescos2.1/m_refrescos.runs/impl_1/runme.log
open_hw
connect_hw_server
INFO: [Labtools 27-2285] Connecting to hw_server url TCP:localhost:3121
INFO: [Labtools 27-2222] Launching hw_server...
INFO: [Labtools 27-2221] Launch Output:

****** Xilinx hw_server v2018.3
  **** Build date : Dec  7 2018-00:40:27
    ** Copyright 1986-2018 Xilinx, Inc. All Rights Reserved.


open_hw_target
INFO: [Labtoolstcl 44-466] Opening hw_target localhost:3121/xilinx_tcf/Digilent/210292A3FE51A
set_property PROGRAM.FILE {C:/Users/usuario/Desktop/vivado/m_refrescos2.1/m_refrescos.runs/impl_1/maq_refrescos.bit} [get_hw_devices xc7a100t_0]
current_hw_device [get_hw_devices xc7a100t_0]
refresh_hw_device -update_hw_probes false [lindex [get_hw_devices xc7a100t_0] 0]
INFO: [Labtools 27-1434] Device xc7a100t (JTAG device index = 0) is programmed with a design that has no supported debug core(s) in it.
set_property PROBES.FILE {} [get_hw_devices xc7a100t_0]
set_property FULL_PROBES.FILE {} [get_hw_devices xc7a100t_0]
set_property PROGRAM.FILE {C:/Users/usuario/Desktop/vivado/m_refrescos2.1/m_refrescos.runs/impl_1/maq_refrescos.bit} [get_hw_devices xc7a100t_0]
program_hw_devices [get_hw_devices xc7a100t_0]
INFO: [Labtools 27-3164] End of startup status: HIGH
refresh_hw_device [lindex [get_hw_devices xc7a100t_0] 0]
INFO: [Labtools 27-1434] Device xc7a100t (JTAG device index = 0) is programmed with a design that has no supported debug core(s) in it.
reset_run synth_1
WARNING: [Vivado 12-1017] Problems encountered:
1. Failed to delete one or more files in run directory C:/Users/usuario/Desktop/vivado/m_refrescos2.1/m_refrescos.runs/synth_1

launch_runs impl_1 -to_step write_bitstream -jobs 2
[Fri Jan 18 12:18:39 2019] Launched synth_1...
Run output will be captured here: C:/Users/usuario/Desktop/vivado/m_refrescos2.1/m_refrescos.runs/synth_1/runme.log
[Fri Jan 18 12:18:39 2019] Launched impl_1...
Run output will be captured here: C:/Users/usuario/Desktop/vivado/m_refrescos2.1/m_refrescos.runs/impl_1/runme.log
close_hw
close_hw: Time (s): cpu = 00:00:07 ; elapsed = 00:00:06 . Memory (MB): peak = 2844.211 ; gain = 0.000
open_hw
connect_hw_server
INFO: [Labtools 27-2285] Connecting to hw_server url TCP:localhost:3121
open_hw_target
INFO: [Labtoolstcl 44-466] Opening hw_target localhost:3121/xilinx_tcf/Digilent/210292A3FE51A
set_property PROGRAM.FILE {C:/Users/usuario/Desktop/vivado/m_refrescos2.1/m_refrescos.runs/impl_1/maq_refrescos.bit} [get_hw_devices xc7a100t_0]
current_hw_device [get_hw_devices xc7a100t_0]
refresh_hw_device -update_hw_probes false [lindex [get_hw_devices xc7a100t_0] 0]
INFO: [Labtools 27-1434] Device xc7a100t (JTAG device index = 0) is programmed with a design that has no supported debug core(s) in it.
set_property PROBES.FILE {} [get_hw_devices xc7a100t_0]
set_property FULL_PROBES.FILE {} [get_hw_devices xc7a100t_0]
set_property PROGRAM.FILE {C:/Users/usuario/Desktop/vivado/m_refrescos2.1/m_refrescos.runs/impl_1/maq_refrescos.bit} [get_hw_devices xc7a100t_0]
program_hw_devices [get_hw_devices xc7a100t_0]
INFO: [Labtools 27-3164] End of startup status: HIGH
refresh_hw_device [lindex [get_hw_devices xc7a100t_0] 0]
INFO: [Labtools 27-1434] Device xc7a100t (JTAG device index = 0) is programmed with a design that has no supported debug core(s) in it.
set_property PROBES.FILE {} [get_hw_devices xc7a100t_0]
set_property FULL_PROBES.FILE {} [get_hw_devices xc7a100t_0]
set_property PROGRAM.FILE {C:/Users/usuario/Desktop/vivado/m_refrescos2.1/m_refrescos.runs/impl_1/maq_refrescos.bit} [get_hw_devices xc7a100t_0]
program_hw_devices [get_hw_devices xc7a100t_0]
INFO: [Labtools 27-3164] End of startup status: HIGH
refresh_hw_device [lindex [get_hw_devices xc7a100t_0] 0]
INFO: [Labtools 27-1434] Device xc7a100t (JTAG device index = 0) is programmed with a design that has no supported debug core(s) in it.
close_hw
close_hw: Time (s): cpu = 00:00:06 ; elapsed = 00:00:05 . Memory (MB): peak = 2844.211 ; gain = 0.000
reset_run synth_1
WARNING: [Vivado 12-1017] Problems encountered:
1. Failed to delete one or more files in run directory C:/Users/usuario/Desktop/vivado/m_refrescos2.1/m_refrescos.runs/synth_1

launch_runs impl_1 -to_step write_bitstream -jobs 2
[Fri Jan 18 12:38:04 2019] Launched synth_1...
Run output will be captured here: C:/Users/usuario/Desktop/vivado/m_refrescos2.1/m_refrescos.runs/synth_1/runme.log
[Fri Jan 18 12:38:04 2019] Launched impl_1...
Run output will be captured here: C:/Users/usuario/Desktop/vivado/m_refrescos2.1/m_refrescos.runs/impl_1/runme.log
open_hw
connect_hw_server
INFO: [Labtools 27-2285] Connecting to hw_server url TCP:localhost:3121
INFO: [Labtools 27-2222] Launching hw_server...
INFO: [Labtools 27-2221] Launch Output:

****** Xilinx hw_server v2018.3
  **** Build date : Dec  7 2018-00:40:27
    ** Copyright 1986-2018 Xilinx, Inc. All Rights Reserved.


connect_hw_server: Time (s): cpu = 00:00:01 ; elapsed = 00:00:05 . Memory (MB): peak = 2844.211 ; gain = 0.000
open_hw_target
INFO: [Labtoolstcl 44-466] Opening hw_target localhost:3121/xilinx_tcf/Digilent/210292A3FE51A
set_property PROGRAM.FILE {C:/Users/usuario/Desktop/vivado/m_refrescos2.1/m_refrescos.runs/impl_1/maq_refrescos.bit} [get_hw_devices xc7a100t_0]
current_hw_device [get_hw_devices xc7a100t_0]
refresh_hw_device -update_hw_probes false [lindex [get_hw_devices xc7a100t_0] 0]
INFO: [Labtools 27-1434] Device xc7a100t (JTAG device index = 0) is programmed with a design that has no supported debug core(s) in it.
set_property PROBES.FILE {} [get_hw_devices xc7a100t_0]
set_property FULL_PROBES.FILE {} [get_hw_devices xc7a100t_0]
set_property PROGRAM.FILE {C:/Users/usuario/Desktop/vivado/m_refrescos2.1/m_refrescos.runs/impl_1/maq_refrescos.bit} [get_hw_devices xc7a100t_0]
program_hw_devices [get_hw_devices xc7a100t_0]
INFO: [Labtools 27-3164] End of startup status: HIGH
refresh_hw_device [lindex [get_hw_devices xc7a100t_0] 0]
INFO: [Labtools 27-1434] Device xc7a100t (JTAG device index = 0) is programmed with a design that has no supported debug core(s) in it.
set_property PROBES.FILE {} [get_hw_devices xc7a100t_0]
set_property FULL_PROBES.FILE {} [get_hw_devices xc7a100t_0]
set_property PROGRAM.FILE {C:/Users/usuario/Desktop/vivado/m_refrescos2.1/m_refrescos.runs/impl_1/maq_refrescos.bit} [get_hw_devices xc7a100t_0]
program_hw_devices [get_hw_devices xc7a100t_0]
INFO: [Labtools 27-3164] End of startup status: HIGH
refresh_hw_device [lindex [get_hw_devices xc7a100t_0] 0]
INFO: [Labtools 27-1434] Device xc7a100t (JTAG device index = 0) is programmed with a design that has no supported debug core(s) in it.
reset_run synth_1
WARNING: [Vivado 12-1017] Problems encountered:
1. Failed to delete one or more files in run directory C:/Users/usuario/Desktop/vivado/m_refrescos2.1/m_refrescos.runs/synth_1

launch_runs impl_1 -to_step write_bitstream -jobs 2
[Fri Jan 18 12:54:08 2019] Launched synth_1...
Run output will be captured here: C:/Users/usuario/Desktop/vivado/m_refrescos2.1/m_refrescos.runs/synth_1/runme.log
[Fri Jan 18 12:54:08 2019] Launched impl_1...
Run output will be captured here: C:/Users/usuario/Desktop/vivado/m_refrescos2.1/m_refrescos.runs/impl_1/runme.log
open_run impl_1
INFO: [Common 17-41] Interrupt caught. Command should exit soon.
INFO: [Netlist 29-17] Analyzing 143 Unisim elements for replacement
INFO: [Netlist 29-28] Unisim Transformation completed in 0 CPU seconds
INFO: [Project 1-479] Netlist was created with Vivado 2018.3
open_run: Time (s): cpu = 00:00:42 ; elapsed = 00:01:07 . Memory (MB): peak = 2844.211 ; gain = 0.000
INFO: [Common 17-344] 'open_run' was cancelled
close_hw
close_hw: Time (s): cpu = 00:00:06 ; elapsed = 00:00:06 . Memory (MB): peak = 2844.211 ; gain = 0.000
open_hw
connect_hw_server
INFO: [Labtools 27-2285] Connecting to hw_server url TCP:localhost:3121
open_hw_target
INFO: [Labtoolstcl 44-466] Opening hw_target localhost:3121/xilinx_tcf/Digilent/210292A3FE51A
set_property PROGRAM.FILE {C:/Users/usuario/Desktop/vivado/m_refrescos2.1/m_refrescos.runs/impl_1/maq_refrescos.bit} [get_hw_devices xc7a100t_0]
current_hw_device [get_hw_devices xc7a100t_0]
refresh_hw_device -update_hw_probes false [lindex [get_hw_devices xc7a100t_0] 0]
INFO: [Labtools 27-1434] Device xc7a100t (JTAG device index = 0) is programmed with a design that has no supported debug core(s) in it.
set_property PROBES.FILE {} [get_hw_devices xc7a100t_0]
set_property FULL_PROBES.FILE {} [get_hw_devices xc7a100t_0]
set_property PROGRAM.FILE {C:/Users/usuario/Desktop/vivado/m_refrescos2.1/m_refrescos.runs/impl_1/maq_refrescos.bit} [get_hw_devices xc7a100t_0]
program_hw_devices [get_hw_devices xc7a100t_0]
INFO: [Labtools 27-3164] End of startup status: HIGH
refresh_hw_device [lindex [get_hw_devices xc7a100t_0] 0]
INFO: [Labtools 27-1434] Device xc7a100t (JTAG device index = 0) is programmed with a design that has no supported debug core(s) in it.
set_property PROBES.FILE {} [get_hw_devices xc7a100t_0]
set_property FULL_PROBES.FILE {} [get_hw_devices xc7a100t_0]
set_property PROGRAM.FILE {C:/Users/usuario/Desktop/vivado/m_refrescos2.1/m_refrescos.runs/impl_1/maq_refrescos.bit} [get_hw_devices xc7a100t_0]
program_hw_devices [get_hw_devices xc7a100t_0]
INFO: [Labtools 27-3164] End of startup status: HIGH
refresh_hw_device [lindex [get_hw_devices xc7a100t_0] 0]
INFO: [Labtools 27-1434] Device xc7a100t (JTAG device index = 0) is programmed with a design that has no supported debug core(s) in it.
close_hw
close_hw: Time (s): cpu = 00:00:08 ; elapsed = 00:00:08 . Memory (MB): peak = 2844.211 ; gain = 0.000
close_sim
INFO: [Simtcl 6-16] Simulation closed
close_sim: Time (s): cpu = 00:00:03 ; elapsed = 00:00:07 . Memory (MB): peak = 2844.211 ; gain = 0.000
launch_simulation
INFO: [Vivado 12-5682] Launching behavioral simulation in 'C:/Users/usuario/Desktop/vivado/m_refrescos2.1/m_refrescos.sim/sim_1/behav/xsim'
INFO: [SIM-utils-51] Simulation object is 'sim_1'
INFO: [SIM-utils-54] Inspecting design source files for 'clkdiv_tb' in fileset 'sim_1'...
INFO: [USF-XSim-97] Finding global include files...
INFO: [USF-XSim-98] Fetching design files from 'sim_1'...
INFO: [USF-XSim-2] XSim::Compile design
INFO: [USF-XSim-61] Executing 'COMPILE and ANALYZE' step in 'C:/Users/usuario/Desktop/vivado/m_refrescos2.1/m_refrescos.sim/sim_1/behav/xsim'
"xvhdl --incr --relax -prj clkdiv_tb_vhdl.prj"
run_program: Time (s): cpu = 00:00:01 ; elapsed = 00:00:07 . Memory (MB): peak = 2844.211 ; gain = 0.000
INFO: [USF-XSim-69] 'compile' step finished in '7' seconds
INFO: [USF-XSim-3] XSim::Elaborate design
INFO: [USF-XSim-61] Executing 'ELABORATE' step in 'C:/Users/usuario/Desktop/vivado/m_refrescos2.1/m_refrescos.sim/sim_1/behav/xsim'
Vivado Simulator 2018.3
Copyright 1986-1999, 2001-2018 Xilinx, Inc. All Rights Reserved.
Running: C:/Xilinx/Vivado/2018.3/bin/unwrapped/win64.o/xelab.exe -wto d7add09f36cf4662b7d7f5d2ac0817ab --incr --debug typical --relax --mt 2 -L xil_defaultlib -L secureip --snapshot clkdiv_tb_behav xil_defaultlib.clkdiv_tb -log elaborate.log 
Using 2 slave threads.
Starting static elaboration
Completed static elaboration
INFO: [XSIM 43-4323] No Change in HDL. Linking previously generated obj files to create kernel
run_program: Time (s): cpu = 00:00:01 ; elapsed = 00:00:13 . Memory (MB): peak = 2844.211 ; gain = 0.000
INFO: [USF-XSim-69] 'elaborate' step finished in '13' seconds
INFO: [USF-XSim-4] XSim::Simulate design
INFO: [USF-XSim-61] Executing 'SIMULATE' step in 'C:/Users/usuario/Desktop/vivado/m_refrescos2.1/m_refrescos.sim/sim_1/behav/xsim'
INFO: [USF-XSim-98] *** Running xsim
   with args "clkdiv_tb_behav -key {Behavioral:sim_1:Functional:clkdiv_tb} -tclbatch {clkdiv_tb.tcl} -log {simulate.log}"
INFO: [USF-XSim-8] Loading simulator feature
Vivado Simulator 2018.3
Time resolution is 1 ps
source clkdiv_tb.tcl
# set curr_wave [current_wave_config]
# if { [string length $curr_wave] == 0 } {
#   if { [llength [get_objects]] > 0} {
#     add_wave /
#     set_property needs_save false [current_wave_config]
#   } else {
#      send_msg_id Add_Wave-1 WARNING "No top level signals found. Simulator will start without a wave window. If you want to open a wave window go to 'File->New Waveform Configuration' or type 'create_wave_config' in the TCL console."
#   }
# }
# run 100ns
xsim: Time (s): cpu = 00:00:11 ; elapsed = 00:00:09 . Memory (MB): peak = 2844.211 ; gain = 0.000
INFO: [USF-XSim-96] XSim completed. Design snapshot 'clkdiv_tb_behav' loaded.
INFO: [USF-XSim-97] XSim simulation ran for 100ns
launch_simulation: Time (s): cpu = 00:00:13 ; elapsed = 00:00:32 . Memory (MB): peak = 2844.211 ; gain = 0.000
run 10 ns
run 10 ns
run 10 ns
run 10 ns
run 10 ns
run 10 ns
run 10 ns
run 10 ns
run 10 ns
close_sim
INFO: [Simtcl 6-16] Simulation closed
close_sim: Time (s): cpu = 00:00:10 ; elapsed = 00:00:10 . Memory (MB): peak = 2844.211 ; gain = 0.000
exit
INFO: [Common 17-206] Exiting Vivado at Fri Jan 18 13:57:47 2019...
